\BOOKMARK [0][-]{chapter.1}{\376\377\0001\000\040\000C\000o\000r\000e\000M\000a\000r\000k\000\040\000o\000n\000\040\000D\000a\000r\000k\000R\000I\000S\000C\000V}{}% 1
\BOOKMARK [1][-]{subsection.1.0.1}{\376\377\0001\000.\0000\000.\0001\000\040\000c\000o\000n\000f\000i\000g\000\040\000e\000x\000a\000m\000p\000l\000e\000:}{chapter.1}% 2
\BOOKMARK [2][-]{subsection.1.0.2}{\376\377\0001\000.\0000\000.\0002\000\040\000m\000a\000k\000e}{subsection.1.0.1}% 3
\BOOKMARK [2][-]{subsection.1.0.3}{\376\377\0001\000.\0000\000.\0003\000\040\000r\000u\000n\000n\000i\000n\000g}{subsection.1.0.1}% 4
\BOOKMARK [2][-]{subsection.1.0.4}{\376\377\0001\000.\0000\000.\0004\000\040\000c\000o\000r\000e\000m\000a\000r\000k\000/\000M\000H\000z}{subsection.1.0.1}% 5
\BOOKMARK [0][-]{chapter.2}{\376\377\0002\000\040\000S\000o\000f\000t\000w\000a\000r\000e}{}% 6
\BOOKMARK [1][-]{section.2.1}{\376\377\0002\000.\0001\000\040\000T\000i\000p\000s\000\040\000a\000n\000d\000\040\000T\000r\000i\000c\000k\000s}{chapter.2}% 7
\BOOKMARK [0][-]{chapter.3}{\376\377\0003\000\040\000D\000a\000r\000k\000R\000I\000S\000C\000V\000\040\000A\000p\000p\000l\000i\000c\000a\000t\000i\000o\000n}{}% 8
\BOOKMARK [0][-]{chapter.4}{\376\377\0004\000\040\000N\000a\000m\000e\000s\000p\000a\000c\000e\000\040\000I\000n\000d\000e\000x}{}% 9
\BOOKMARK [1][-]{section.4.1}{\376\377\0004\000.\0001\000\040\000N\000a\000m\000e\000s\000p\000a\000c\000e\000\040\000L\000i\000s\000t}{chapter.4}% 10
\BOOKMARK [0][-]{chapter.5}{\376\377\0005\000\040\000D\000a\000t\000a\000\040\000S\000t\000r\000u\000c\000t\000u\000r\000e\000\040\000I\000n\000d\000e\000x}{}% 11
\BOOKMARK [1][-]{section.5.1}{\376\377\0005\000.\0001\000\040\000D\000a\000t\000a\000\040\000S\000t\000r\000u\000c\000t\000u\000r\000e\000s}{chapter.5}% 12
\BOOKMARK [0][-]{chapter.6}{\376\377\0006\000\040\000F\000i\000l\000e\000\040\000I\000n\000d\000e\000x}{}% 13
\BOOKMARK [1][-]{section.6.1}{\376\377\0006\000.\0001\000\040\000F\000i\000l\000e\000\040\000L\000i\000s\000t}{chapter.6}% 14
\BOOKMARK [0][-]{chapter.7}{\376\377\0007\000\040\000N\000a\000m\000e\000s\000p\000a\000c\000e\000\040\000D\000o\000c\000u\000m\000e\000n\000t\000a\000t\000i\000o\000n}{}% 15
\BOOKMARK [1][-]{section.7.1}{\376\377\0007\000.\0001\000\040\000p\000r\000o\000g\000r\000a\000m\000B\000o\000a\000r\000d\000\040\000N\000a\000m\000e\000s\000p\000a\000c\000e\000\040\000R\000e\000f\000e\000r\000e\000n\000c\000e}{chapter.7}% 16
\BOOKMARK [2][-]{subsection.7.1.1}{\376\377\0007\000.\0001\000.\0001\000\040\000V\000a\000r\000i\000a\000b\000l\000e\000\040\000D\000o\000c\000u\000m\000e\000n\000t\000a\000t\000i\000o\000n}{section.7.1}% 17
\BOOKMARK [3][-]{subsubsection.7.1.1.1}{\376\377\0007\000.\0001\000.\0001\000.\0001\000\040\000d\000a\000t\000a}{subsection.7.1.1}% 18
\BOOKMARK [3][-]{subsubsection.7.1.1.2}{\376\377\0007\000.\0001\000.\0001\000.\0002\000\040\000s\000e\000r}{subsection.7.1.1}% 19
\BOOKMARK [0][-]{chapter.8}{\376\377\0008\000\040\000D\000a\000t\000a\000\040\000S\000t\000r\000u\000c\000t\000u\000r\000e\000\040\000D\000o\000c\000u\000m\000e\000n\000t\000a\000t\000i\000o\000n}{}% 20
\BOOKMARK [1][-]{section.8.1}{\376\377\0008\000.\0001\000\040\000C\000O\000R\000E\000\137\000P\000O\000R\000T\000A\000B\000L\000E\000\137\000S\000\040\000S\000t\000r\000u\000c\000t\000\040\000R\000e\000f\000e\000r\000e\000n\000c\000e}{chapter.8}% 21
\BOOKMARK [2][-]{subsection.8.1.1}{\376\377\0008\000.\0001\000.\0001\000\040\000F\000i\000e\000l\000d\000\040\000D\000o\000c\000u\000m\000e\000n\000t\000a\000t\000i\000o\000n}{section.8.1}% 22
\BOOKMARK [3][-]{subsubsection.8.1.1.1}{\376\377\0008\000.\0001\000.\0001\000.\0001\000\040\000p\000o\000r\000t\000a\000b\000l\000e\000\137\000i\000d}{subsection.8.1.1}% 23
\BOOKMARK [1][-]{section.8.2}{\376\377\0008\000.\0002\000\040\000D\000A\000R\000K\000I\000O\000\040\000S\000t\000r\000u\000c\000t\000\040\000R\000e\000f\000e\000r\000e\000n\000c\000e}{chapter.8}% 24
\BOOKMARK [2][-]{subsection.8.2.1}{\376\377\0008\000.\0002\000.\0001\000\040\000F\000i\000e\000l\000d\000\040\000D\000o\000c\000u\000m\000e\000n\000t\000a\000t\000i\000o\000n}{section.8.2}% 25
\BOOKMARK [3][-]{subsubsection.8.2.1.1}{\376\377\0008\000.\0002\000.\0001\000.\0001\000\040\000b\000o\000a\000r\000d\000\137\000c\000m}{subsection.8.2.1}% 26
\BOOKMARK [3][-]{subsubsection.8.2.1.2}{\376\377\0008\000.\0002\000.\0001\000.\0002\000\040\000b\000o\000a\000r\000d\000\137\000i\000d}{subsection.8.2.1}% 27
\BOOKMARK [3][-]{subsubsection.8.2.1.3}{\376\377\0008\000.\0002\000.\0001\000.\0003\000\040\000c\000o\000r\000e\000\137\000i\000d}{subsection.8.2.1}% 28
\BOOKMARK [3][-]{subsubsection.8.2.1.4}{\376\377\0008\000.\0002\000.\0001\000.\0004\000\040\000g\000p\000i\000o}{subsection.8.2.1}% 29
\BOOKMARK [3][-]{subsubsection.8.2.1.5}{\376\377\0008\000.\0002\000.\0001\000.\0005\000\040\000g\000p\000i\000o\000\137\000c\000t\000r\000l}{subsection.8.2.1}% 30
\BOOKMARK [3][-]{subsubsection.8.2.1.6}{\376\377\0008\000.\0002\000.\0001\000.\0006\000\040\000i\0002\000c}{subsection.8.2.1}% 31
\BOOKMARK [3][-]{subsubsection.8.2.1.7}{\376\377\0008\000.\0002\000.\0001\000.\0007\000\040\000i\000r\000q}{subsection.8.2.1}% 32
\BOOKMARK [3][-]{subsubsection.8.2.1.8}{\376\377\0008\000.\0002\000.\0001\000.\0008\000\040\000l\000e\000d}{subsection.8.2.1}% 33
\BOOKMARK [3][-]{subsubsection.8.2.1.9}{\376\377\0008\000.\0002\000.\0001\000.\0009\000\040\000s\000p\000i}{subsection.8.2.1}% 34
\BOOKMARK [3][-]{subsubsection.8.2.1.10}{\376\377\0008\000.\0002\000.\0001\000.\0001\0000\000\040\000t\000i\000m\000e\000r}{subsection.8.2.1}% 35
\BOOKMARK [3][-]{subsubsection.8.2.1.11}{\376\377\0008\000.\0002\000.\0001\000.\0001\0001\000\040\000t\000i\000m\000e\000u\000s}{subsection.8.2.1}% 36
\BOOKMARK [3][-]{subsubsection.8.2.1.12}{\376\377\0008\000.\0002\000.\0001\000.\0001\0002\000\040\000u\000a\000r\000t}{subsection.8.2.1}% 37
\BOOKMARK [1][-]{section.8.3}{\376\377\0008\000.\0003\000\040\000D\000A\000R\000K\000I\000O\000:\000:\000D\000A\000R\000K\000U\000A\000R\000T\000\040\000S\000t\000r\000u\000c\000t\000\040\000R\000e\000f\000e\000r\000e\000n\000c\000e}{chapter.8}% 38
\BOOKMARK [2][-]{subsection.8.3.1}{\376\377\0008\000.\0003\000.\0001\000\040\000F\000i\000e\000l\000d\000\040\000D\000o\000c\000u\000m\000e\000n\000t\000a\000t\000i\000o\000n}{section.8.3}% 39
\BOOKMARK [3][-]{subsubsection.8.3.1.1}{\376\377\0008\000.\0003\000.\0001\000.\0001\000\040\000b\000a\000u\000d}{subsection.8.3.1}% 40
\BOOKMARK [3][-]{subsubsection.8.3.1.2}{\376\377\0008\000.\0003\000.\0001\000.\0002\000\040\000f\000i\000f\000o}{subsection.8.3.1}% 41
\BOOKMARK [3][-]{subsubsection.8.3.1.3}{\376\377\0008\000.\0003\000.\0001\000.\0003\000\040\000s\000t\000a\000t}{subsection.8.3.1}% 42
\BOOKMARK [1][-]{section.8.4}{\376\377\0008\000.\0004\000\040\000I\0002\000C\000\137\000R\000e\000g\000i\000s\000t\000e\000r\000\040\000U\000n\000i\000o\000n\000\040\000R\000e\000f\000e\000r\000e\000n\000c\000e}{chapter.8}% 43
\BOOKMARK [2][-]{subsection.8.4.1}{\376\377\0008\000.\0004\000.\0001\000\040\000F\000i\000e\000l\000d\000\040\000D\000o\000c\000u\000m\000e\000n\000t\000a\000t\000i\000o\000n}{section.8.4}% 44
\BOOKMARK [3][-]{subsubsection.8.4.1.1}{\376\377\0008\000.\0004\000.\0001\000.\0001\000\040\000f\000i\000e\000l\000d\000s}{subsection.8.4.1}% 45
\BOOKMARK [3][-]{subsubsection.8.4.1.2}{\376\377\0008\000.\0004\000.\0001\000.\0002\000\040\000r\000a\000w}{subsection.8.4.1}% 46
\BOOKMARK [1][-]{section.8.5}{\376\377\0008\000.\0005\000\040\000I\0002\000C\000\137\000R\000e\000g\000i\000s\000t\000e\000r\000B\000i\000t\000s\000\040\000S\000t\000r\000u\000c\000t\000\040\000R\000e\000f\000e\000r\000e\000n\000c\000e}{chapter.8}% 47
\BOOKMARK [2][-]{subsection.8.5.1}{\376\377\0008\000.\0005\000.\0001\000\040\000F\000i\000e\000l\000d\000\040\000D\000o\000c\000u\000m\000e\000n\000t\000a\000t\000i\000o\000n}{section.8.5}% 48
\BOOKMARK [3][-]{subsubsection.8.5.1.1}{\376\377\0008\000.\0005\000.\0001\000.\0001\000\040\000b\000u\000s\000y}{subsection.8.5.1}% 49
\BOOKMARK [3][-]{subsubsection.8.5.1.2}{\376\377\0008\000.\0005\000.\0001\000.\0002\000\040\000d\000a\000t\000a}{subsection.8.5.1}% 50
\BOOKMARK [3][-]{subsubsection.8.5.1.3}{\376\377\0008\000.\0005\000.\0001\000.\0003\000\040\000n\000\137\000b\000y\000t\000e\000s}{subsection.8.5.1}% 51
\BOOKMARK [3][-]{subsubsection.8.5.1.4}{\376\377\0008\000.\0005\000.\0001\000.\0004\000\040\000n\000a\000c\000k}{subsection.8.5.1}% 52
\BOOKMARK [3][-]{subsubsection.8.5.1.5}{\376\377\0008\000.\0005\000.\0001\000.\0005\000\040\000r\000e\000q\000\137\000d\000a\000t\000a}{subsection.8.5.1}% 53
\BOOKMARK [3][-]{subsubsection.8.5.1.6}{\376\377\0008\000.\0005\000.\0001\000.\0006\000\040\000r\000e\000s\000e\000r\000v\000e\000d}{subsection.8.5.1}% 54
\BOOKMARK [3][-]{subsubsection.8.5.1.7}{\376\377\0008\000.\0005\000.\0001\000.\0007\000\040\000s\000l\000a\000v\000e\000A\000d\000d\000r\000e\000s\000s}{subsection.8.5.1}% 55
\BOOKMARK [3][-]{subsubsection.8.5.1.8}{\376\377\0008\000.\0005\000.\0001\000.\0008\000\040\000s\000t\000a\000r\000t}{subsection.8.5.1}% 56
\BOOKMARK [3][-]{subsubsection.8.5.1.9}{\376\377\0008\000.\0005\000.\0001\000.\0009\000\040\000s\000u\000b\000a\000d\000d\000r\000e\000s\000s}{subsection.8.5.1}% 57
\BOOKMARK [1][-]{section.8.6}{\376\377\0008\000.\0006\000\040\000l\000i\000s\000t\000\137\000d\000a\000t\000a\000\137\000s\000\040\000S\000t\000r\000u\000c\000t\000\040\000R\000e\000f\000e\000r\000e\000n\000c\000e}{chapter.8}% 58
\BOOKMARK [2][-]{subsection.8.6.1}{\376\377\0008\000.\0006\000.\0001\000\040\000F\000i\000e\000l\000d\000\040\000D\000o\000c\000u\000m\000e\000n\000t\000a\000t\000i\000o\000n}{section.8.6}% 59
\BOOKMARK [3][-]{subsubsection.8.6.1.1}{\376\377\0008\000.\0006\000.\0001\000.\0001\000\040\000d\000a\000t\000a\0001\0006}{subsection.8.6.1}% 60
\BOOKMARK [3][-]{subsubsection.8.6.1.2}{\376\377\0008\000.\0006\000.\0001\000.\0002\000\040\000i\000d\000x}{subsection.8.6.1}% 61
\BOOKMARK [1][-]{section.8.7}{\376\377\0008\000.\0007\000\040\000l\000i\000s\000t\000\137\000h\000e\000a\000d\000\137\000s\000\040\000S\000t\000r\000u\000c\000t\000\040\000R\000e\000f\000e\000r\000e\000n\000c\000e}{chapter.8}% 62
\BOOKMARK [2][-]{subsection.8.7.1}{\376\377\0008\000.\0007\000.\0001\000\040\000F\000i\000e\000l\000d\000\040\000D\000o\000c\000u\000m\000e\000n\000t\000a\000t\000i\000o\000n}{section.8.7}% 63
\BOOKMARK [3][-]{subsubsection.8.7.1.1}{\376\377\0008\000.\0007\000.\0001\000.\0001\000\040\000i\000n\000f\000o}{subsection.8.7.1}% 64
\BOOKMARK [3][-]{subsubsection.8.7.1.2}{\376\377\0008\000.\0007\000.\0001\000.\0002\000\040\000n\000e\000x\000t}{subsection.8.7.1}% 65
\BOOKMARK [1][-]{section.8.8}{\376\377\0008\000.\0008\000\040\000M\000A\000T\000\137\000P\000A\000R\000A\000M\000S\000\137\000S\000\040\000S\000t\000r\000u\000c\000t\000\040\000R\000e\000f\000e\000r\000e\000n\000c\000e}{chapter.8}% 66
\BOOKMARK [2][-]{subsection.8.8.1}{\376\377\0008\000.\0008\000.\0001\000\040\000F\000i\000e\000l\000d\000\040\000D\000o\000c\000u\000m\000e\000n\000t\000a\000t\000i\000o\000n}{section.8.8}% 67
\BOOKMARK [3][-]{subsubsection.8.8.1.1}{\376\377\0008\000.\0008\000.\0001\000.\0001\000\040\000A}{subsection.8.8.1}% 68
\BOOKMARK [3][-]{subsubsection.8.8.1.2}{\376\377\0008\000.\0008\000.\0001\000.\0002\000\040\000B}{subsection.8.8.1}% 69
\BOOKMARK [3][-]{subsubsection.8.8.1.3}{\376\377\0008\000.\0008\000.\0001\000.\0003\000\040\000C}{subsection.8.8.1}% 70
\BOOKMARK [3][-]{subsubsection.8.8.1.4}{\376\377\0008\000.\0008\000.\0001\000.\0004\000\040\000N}{subsection.8.8.1}% 71
\BOOKMARK [1][-]{section.8.9}{\376\377\0008\000.\0009\000\040\000R\000E\000S\000U\000L\000T\000S\000\137\000S\000\040\000S\000t\000r\000u\000c\000t\000\040\000R\000e\000f\000e\000r\000e\000n\000c\000e}{chapter.8}% 72
\BOOKMARK [2][-]{subsection.8.9.1}{\376\377\0008\000.\0009\000.\0001\000\040\000F\000i\000e\000l\000d\000\040\000D\000o\000c\000u\000m\000e\000n\000t\000a\000t\000i\000o\000n}{section.8.9}% 73
\BOOKMARK [3][-]{subsubsection.8.9.1.1}{\376\377\0008\000.\0009\000.\0001\000.\0001\000\040\000c\000r\000c}{subsection.8.9.1}% 74
\BOOKMARK [3][-]{subsubsection.8.9.1.2}{\376\377\0008\000.\0009\000.\0001\000.\0002\000\040\000c\000r\000c\000l\000i\000s\000t}{subsection.8.9.1}% 75
\BOOKMARK [3][-]{subsubsection.8.9.1.3}{\376\377\0008\000.\0009\000.\0001\000.\0003\000\040\000c\000r\000c\000m\000a\000t\000r\000i\000x}{subsection.8.9.1}% 76
\BOOKMARK [3][-]{subsubsection.8.9.1.4}{\376\377\0008\000.\0009\000.\0001\000.\0004\000\040\000c\000r\000c\000s\000t\000a\000t\000e}{subsection.8.9.1}% 77
\BOOKMARK [3][-]{subsubsection.8.9.1.5}{\376\377\0008\000.\0009\000.\0001\000.\0005\000\040\000e\000r\000r}{subsection.8.9.1}% 78
\BOOKMARK [3][-]{subsubsection.8.9.1.6}{\376\377\0008\000.\0009\000.\0001\000.\0006\000\040\000e\000x\000e\000c\000s}{subsection.8.9.1}% 79
\BOOKMARK [3][-]{subsubsection.8.9.1.7}{\376\377\0008\000.\0009\000.\0001\000.\0007\000\040\000i\000t\000e\000r\000a\000t\000i\000o\000n\000s}{subsection.8.9.1}% 80
\BOOKMARK [3][-]{subsubsection.8.9.1.8}{\376\377\0008\000.\0009\000.\0001\000.\0008\000\040\000l\000i\000s\000t}{subsection.8.9.1}% 81
\BOOKMARK [3][-]{subsubsection.8.9.1.9}{\376\377\0008\000.\0009\000.\0001\000.\0009\000\040\000m\000a\000t}{subsection.8.9.1}% 82
\BOOKMARK [3][-]{subsubsection.8.9.1.10}{\376\377\0008\000.\0009\000.\0001\000.\0001\0000\000\040\000m\000e\000m\000b\000l\000o\000c\000k}{subsection.8.9.1}% 83
\BOOKMARK [3][-]{subsubsection.8.9.1.11}{\376\377\0008\000.\0009\000.\0001\000.\0001\0001\000\040\000p\000o\000r\000t}{subsection.8.9.1}% 84
\BOOKMARK [3][-]{subsubsection.8.9.1.12}{\376\377\0008\000.\0009\000.\0001\000.\0001\0002\000\040\000s\000e\000e\000d\0001}{subsection.8.9.1}% 85
\BOOKMARK [3][-]{subsubsection.8.9.1.13}{\376\377\0008\000.\0009\000.\0001\000.\0001\0003\000\040\000s\000e\000e\000d\0002}{subsection.8.9.1}% 86
\BOOKMARK [3][-]{subsubsection.8.9.1.14}{\376\377\0008\000.\0009\000.\0001\000.\0001\0004\000\040\000s\000e\000e\000d\0003}{subsection.8.9.1}% 87
\BOOKMARK [3][-]{subsubsection.8.9.1.15}{\376\377\0008\000.\0009\000.\0001\000.\0001\0005\000\040\000s\000i\000z\000e}{subsection.8.9.1}% 88
\BOOKMARK [1][-]{section.8.10}{\376\377\0008\000.\0001\0000\000\040\000S\000P\000I\000\137\000R\000e\000g\000i\000s\000t\000e\000r\000\040\000U\000n\000i\000o\000n\000\040\000R\000e\000f\000e\000r\000e\000n\000c\000e}{chapter.8}% 89
\BOOKMARK [2][-]{subsection.8.10.1}{\376\377\0008\000.\0001\0000\000.\0001\000\040\000F\000i\000e\000l\000d\000\040\000D\000o\000c\000u\000m\000e\000n\000t\000a\000t\000i\000o\000n}{section.8.10}% 90
\BOOKMARK [3][-]{subsubsection.8.10.1.1}{\376\377\0008\000.\0001\0000\000.\0001\000.\0001\000\040\000f\000i\000e\000l\000d\000s}{subsection.8.10.1}% 91
\BOOKMARK [3][-]{subsubsection.8.10.1.2}{\376\377\0008\000.\0001\0000\000.\0001\000.\0002\000\040\000r\000a\000w}{subsection.8.10.1}% 92
\BOOKMARK [1][-]{section.8.11}{\376\377\0008\000.\0001\0001\000\040\000S\000P\000I\000\137\000R\000e\000g\000i\000s\000t\000e\000r\000B\000i\000t\000s\000\040\000S\000t\000r\000u\000c\000t\000\040\000R\000e\000f\000e\000r\000e\000n\000c\000e}{chapter.8}% 93
\BOOKMARK [2][-]{subsection.8.11.1}{\376\377\0008\000.\0001\0001\000.\0001\000\040\000F\000i\000e\000l\000d\000\040\000D\000o\000c\000u\000m\000e\000n\000t\000a\000t\000i\000o\000n}{section.8.11}% 94
\BOOKMARK [3][-]{subsubsection.8.11.1.1}{\376\377\0008\000.\0001\0001\000.\0001\000.\0001\000\040\000d\000a\000t\000a\000\137\000r\000e\000c\000e\000i\000v\000e\000d}{subsection.8.11.1}% 95
\BOOKMARK [3][-]{subsubsection.8.11.1.2}{\376\377\0008\000.\0001\0001\000.\0001\000.\0002\000\040\000d\000a\000t\000a\000\137\000t\000o\000\137\000s\000e\000n\000d}{subsection.8.11.1}% 96
\BOOKMARK [3][-]{subsubsection.8.11.1.3}{\376\377\0008\000.\0001\0001\000.\0001\000.\0003\000\040\000e\000m\000p\000t\000y}{subsection.8.11.1}% 97
\BOOKMARK [3][-]{subsubsection.8.11.1.4}{\376\377\0008\000.\0001\0001\000.\0001\000.\0004\000\040\000n\000\137\000b\000y\000t\000e\000s\000\137\000r\000e\000c\000e\000i\000v\000e\000d}{subsection.8.11.1}% 98
\BOOKMARK [3][-]{subsubsection.8.11.1.5}{\376\377\0008\000.\0001\0001\000.\0001\000.\0005\000\040\000n\000\137\000b\000y\000t\000e\000s\000\137\000t\000o\000\137\000s\000e\000n\000d}{subsection.8.11.1}% 99
\BOOKMARK [3][-]{subsubsection.8.11.1.6}{\376\377\0008\000.\0001\0001\000.\0001\000.\0006\000\040\000r\000x\000\137\000d\000a\000t\000a\000\137\000r\000e\000a\000d\000y}{subsection.8.11.1}% 100
\BOOKMARK [3][-]{subsubsection.8.11.1.7}{\376\377\0008\000.\0001\0001\000.\0001\000.\0007\000\040\000s\000t\000a\000r\000t}{subsection.8.11.1}% 101
\BOOKMARK [3][-]{subsubsection.8.11.1.8}{\376\377\0008\000.\0001\0001\000.\0001\000.\0008\000\040\000t\000x\000\137\000r\000e\000a\000d\000y}{subsection.8.11.1}% 102
\BOOKMARK [0][-]{chapter.9}{\376\377\0009\000\040\000F\000i\000l\000e\000\040\000D\000o\000c\000u\000m\000e\000n\000t\000a\000t\000i\000o\000n}{}% 103
\BOOKMARK [1][-]{section.9.1}{\376\377\0009\000.\0001\000\040\000b\000a\000d\000a\000p\000p\000l\000e\000/\000b\000a\000d\000a\000p\000p\000l\000e\000.\000h\000\040\000F\000i\000l\000e\000\040\000R\000e\000f\000e\000r\000e\000n\000c\000e}{chapter.9}% 104
\BOOKMARK [2][-]{subsection.9.1.1}{\376\377\0009\000.\0001\000.\0001\000\040\000V\000a\000r\000i\000a\000b\000l\000e\000\040\000D\000o\000c\000u\000m\000e\000n\000t\000a\000t\000i\000o\000n}{section.9.1}% 105
\BOOKMARK [3][-]{subsubsection.9.1.1.1}{\376\377\0009\000.\0001\000.\0001\000.\0001\000\040\000r\000l\000e}{subsection.9.1.1}% 106
\BOOKMARK [1][-]{section.9.2}{\376\377\0009\000.\0002\000\040\000b\000a\000d\000a\000p\000p\000l\000e\000/\000b\000a\000d\000a\000p\000p\000l\000e\000.\000t\000x\000t\000\040\000F\000i\000l\000e\000\040\000R\000e\000f\000e\000r\000e\000n\000c\000e}{chapter.9}% 107
\BOOKMARK [1][-]{section.9.3}{\376\377\0009\000.\0003\000\040\000b\000a\000d\000a\000p\000p\000l\000e\000/\000m\000a\000i\000n\000.\000c\000\040\000F\000i\000l\000e\000\040\000R\000e\000f\000e\000r\000e\000n\000c\000e}{chapter.9}% 108
\BOOKMARK [2][-]{subsection.9.3.1}{\376\377\0009\000.\0003\000.\0001\000\040\000F\000u\000n\000c\000t\000i\000o\000n\000\040\000D\000o\000c\000u\000m\000e\000n\000t\000a\000t\000i\000o\000n}{section.9.3}% 109
\BOOKMARK [3][-]{subsubsection.9.3.1.1}{\376\377\0009\000.\0003\000.\0001\000.\0001\000\040\000m\000a\000i\000n\000\050\000\051}{subsection.9.3.1}% 110
\BOOKMARK [1][-]{section.9.4}{\376\377\0009\000.\0004\000\040\000b\000l\000i\000n\000k\000/\000m\000a\000i\000n\000.\000c\000\040\000F\000i\000l\000e\000\040\000R\000e\000f\000e\000r\000e\000n\000c\000e}{chapter.9}% 111
\BOOKMARK [2][-]{subsection.9.4.1}{\376\377\0009\000.\0004\000.\0001\000\040\000F\000u\000n\000c\000t\000i\000o\000n\000\040\000D\000o\000c\000u\000m\000e\000n\000t\000a\000t\000i\000o\000n}{section.9.4}% 112
\BOOKMARK [3][-]{subsubsection.9.4.1.1}{\376\377\0009\000.\0004\000.\0001\000.\0001\000\040\000m\000a\000i\000n\000\050\000\051}{subsection.9.4.1}% 113
\BOOKMARK [3][-]{subsubsection.9.4.1.2}{\376\377\0009\000.\0004\000.\0001\000.\0002\000\040\000w\000a\000i\000t\000\050\000\051}{subsection.9.4.1}% 114
\BOOKMARK [3][-]{subsubsection.9.4.1.3}{\376\377\0009\000.\0004\000.\0001\000.\0003\000\040\000w\000a\000i\000t\000\137\0001\0000\0000\000u\000s\000\050\000\051}{subsection.9.4.1}% 115
\BOOKMARK [1][-]{section.9.5}{\376\377\0009\000.\0005\000\040\000d\000a\000r\000k\000s\000h\000e\000l\000l\000/\000m\000a\000i\000n\000.\000c\000\040\000F\000i\000l\000e\000\040\000R\000e\000f\000e\000r\000e\000n\000c\000e}{chapter.9}% 116
\BOOKMARK [2][-]{subsection.9.5.1}{\376\377\0009\000.\0005\000.\0001\000\040\000F\000u\000n\000c\000t\000i\000o\000n\000\040\000D\000o\000c\000u\000m\000e\000n\000t\000a\000t\000i\000o\000n}{section.9.5}% 117
\BOOKMARK [3][-]{subsubsection.9.5.1.1}{\376\377\0009\000.\0005\000.\0001\000.\0001\000\040\000m\000a\000i\000n\000\050\000\051}{subsection.9.5.1}% 118
\BOOKMARK [1][-]{section.9.6}{\376\377\0009\000.\0006\000\040\000m\000a\000n\000d\000e\000l\000b\000r\000o\000t\000/\000m\000a\000i\000n\000.\000c\000\040\000F\000i\000l\000e\000\040\000R\000e\000f\000e\000r\000e\000n\000c\000e}{chapter.9}% 119
\BOOKMARK [2][-]{subsection.9.6.1}{\376\377\0009\000.\0006\000.\0001\000\040\000F\000u\000n\000c\000t\000i\000o\000n\000\040\000D\000o\000c\000u\000m\000e\000n\000t\000a\000t\000i\000o\000n}{section.9.6}% 120
\BOOKMARK [3][-]{subsubsection.9.6.1.1}{\376\377\0009\000.\0006\000.\0001\000.\0001\000\040\000m\000a\000i\000n\000\050\000\051}{subsection.9.6.1}% 121
\BOOKMARK [1][-]{section.9.7}{\376\377\0009\000.\0007\000\040\000c\000o\000r\000e\000m\000a\000r\000k\000/\000c\000o\000r\000e\000\137\000p\000o\000r\000t\000m\000e\000.\000c\000\040\000F\000i\000l\000e\000\040\000R\000e\000f\000e\000r\000e\000n\000c\000e}{chapter.9}% 122
\BOOKMARK [2][-]{subsection.9.7.1}{\376\377\0009\000.\0007\000.\0001\000\040\000M\000a\000c\000r\000o\000\040\000D\000e\000f\000i\000n\000i\000t\000i\000o\000n\000\040\000D\000o\000c\000u\000m\000e\000n\000t\000a\000t\000i\000o\000n}{section.9.7}% 123
\BOOKMARK [3][-]{subsubsection.9.7.1.1}{\376\377\0009\000.\0007\000.\0001\000.\0001\000\040\000C\000L\000O\000C\000K\000S\000\137\000P\000E\000R\000\137\000S\000E\000C}{subsection.9.7.1}% 124
\BOOKMARK [3][-]{subsubsection.9.7.1.2}{\376\377\0009\000.\0007\000.\0001\000.\0002\000\040\000E\000E\000\137\000T\000I\000C\000K\000S\000\137\000P\000E\000R\000\137\000S\000E\000C}{subsection.9.7.1}% 125
\BOOKMARK [3][-]{subsubsection.9.7.1.3}{\376\377\0009\000.\0007\000.\0001\000.\0003\000\040\000G\000E\000T\000M\000Y\000T\000I\000M\000E}{subsection.9.7.1}% 126
\BOOKMARK [3][-]{subsubsection.9.7.1.4}{\376\377\0009\000.\0007\000.\0001\000.\0004\000\040\000M\000Y\000T\000I\000M\000E\000D\000I\000F\000F}{subsection.9.7.1}% 127
\BOOKMARK [3][-]{subsubsection.9.7.1.5}{\376\377\0009\000.\0007\000.\0001\000.\0005\000\040\000S\000A\000M\000P\000L\000E\000\137\000T\000I\000M\000E\000\137\000I\000M\000P\000L\000E\000M\000E\000N\000T\000A\000T\000I\000O\000N}{subsection.9.7.1}% 128
\BOOKMARK [3][-]{subsubsection.9.7.1.6}{\376\377\0009\000.\0007\000.\0001\000.\0006\000\040\000T\000I\000M\000E\000R\000\137\000R\000E\000S\000\137\000D\000I\000V\000I\000D\000E\000R}{subsection.9.7.1}% 129
\BOOKMARK [2][-]{subsection.9.7.2}{\376\377\0009\000.\0007\000.\0002\000\040\000F\000u\000n\000c\000t\000i\000o\000n\000\040\000D\000o\000c\000u\000m\000e\000n\000t\000a\000t\000i\000o\000n}{section.9.7}% 130
\BOOKMARK [3][-]{subsubsection.9.7.2.1}{\376\377\0009\000.\0007\000.\0002\000.\0001\000\040\000b\000a\000r\000e\000b\000o\000n\000e\000s\000\137\000c\000l\000o\000c\000k\000\050\000\051}{subsection.9.7.2}% 131
\BOOKMARK [3][-]{subsubsection.9.7.2.2}{\376\377\0009\000.\0007\000.\0002\000.\0002\000\040\000g\000e\000t\000\137\000t\000i\000m\000e\000\050\000\051}{subsection.9.7.2}% 132
\BOOKMARK [3][-]{subsubsection.9.7.2.3}{\376\377\0009\000.\0007\000.\0002\000.\0003\000\040\000p\000o\000r\000t\000a\000b\000l\000e\000\137\000f\000i\000n\000i\000\050\000\051}{subsection.9.7.2}% 133
\BOOKMARK [3][-]{subsubsection.9.7.2.4}{\376\377\0009\000.\0007\000.\0002\000.\0004\000\040\000p\000o\000r\000t\000a\000b\000l\000e\000\137\000i\000n\000i\000t\000\050\000\051}{subsection.9.7.2}% 134
\BOOKMARK [3][-]{subsubsection.9.7.2.5}{\376\377\0009\000.\0007\000.\0002\000.\0005\000\040\000s\000t\000a\000r\000t\000\137\000t\000i\000m\000e\000\050\000\051}{subsection.9.7.2}% 135
\BOOKMARK [3][-]{subsubsection.9.7.2.6}{\376\377\0009\000.\0007\000.\0002\000.\0006\000\040\000s\000t\000o\000p\000\137\000t\000i\000m\000e\000\050\000\051}{subsection.9.7.2}% 136
\BOOKMARK [3][-]{subsubsection.9.7.2.7}{\376\377\0009\000.\0007\000.\0002\000.\0007\000\040\000t\000i\000m\000e\000\137\000i\000n\000\137\000s\000e\000c\000s\000\050\000\051}{subsection.9.7.2}% 137
\BOOKMARK [2][-]{subsection.9.7.3}{\376\377\0009\000.\0007\000.\0003\000\040\000V\000a\000r\000i\000a\000b\000l\000e\000\040\000D\000o\000c\000u\000m\000e\000n\000t\000a\000t\000i\000o\000n}{section.9.7}% 138
\BOOKMARK [3][-]{subsubsection.9.7.3.1}{\376\377\0009\000.\0007\000.\0003\000.\0001\000\040\000d\000e\000f\000a\000u\000l\000t\000\137\000n\000u\000m\000\137\000c\000o\000n\000t\000e\000x\000t\000s}{subsection.9.7.3}% 139
\BOOKMARK [3][-]{subsubsection.9.7.3.2}{\376\377\0009\000.\0007\000.\0003\000.\0002\000\040\000s\000e\000e\000d\0001\000\137\000v\000o\000l\000a\000t\000i\000l\000e}{subsection.9.7.3}% 140
\BOOKMARK [3][-]{subsubsection.9.7.3.3}{\376\377\0009\000.\0007\000.\0003\000.\0003\000\040\000s\000e\000e\000d\0002\000\137\000v\000o\000l\000a\000t\000i\000l\000e}{subsection.9.7.3}% 141
\BOOKMARK [3][-]{subsubsection.9.7.3.4}{\376\377\0009\000.\0007\000.\0003\000.\0004\000\040\000s\000e\000e\000d\0003\000\137\000v\000o\000l\000a\000t\000i\000l\000e}{subsection.9.7.3}% 142
\BOOKMARK [3][-]{subsubsection.9.7.3.5}{\376\377\0009\000.\0007\000.\0003\000.\0005\000\040\000s\000e\000e\000d\0004\000\137\000v\000o\000l\000a\000t\000i\000l\000e}{subsection.9.7.3}% 143
\BOOKMARK [3][-]{subsubsection.9.7.3.6}{\376\377\0009\000.\0007\000.\0003\000.\0006\000\040\000s\000e\000e\000d\0005\000\137\000v\000o\000l\000a\000t\000i\000l\000e}{subsection.9.7.3}% 144
\BOOKMARK [3][-]{subsubsection.9.7.3.7}{\376\377\0009\000.\0007\000.\0003\000.\0007\000\040\000s\000t\000a\000r\000t\000\137\000t\000i\000m\000e\000\137\000v\000a\000l}{subsection.9.7.3}% 145
\BOOKMARK [3][-]{subsubsection.9.7.3.8}{\376\377\0009\000.\0007\000.\0003\000.\0008\000\040\000s\000t\000o\000p\000\137\000t\000i\000m\000e\000\137\000v\000a\000l}{subsection.9.7.3}% 146
\BOOKMARK [1][-]{section.9.8}{\376\377\0009\000.\0008\000\040\000c\000o\000r\000e\000m\000a\000r\000k\000/\000c\000o\000r\000e\000\137\000p\000o\000r\000t\000m\000e\000.\000h\000\040\000F\000i\000l\000e\000\040\000R\000e\000f\000e\000r\000e\000n\000c\000e}{chapter.9}% 147
\BOOKMARK [2][-]{subsection.9.8.1}{\376\377\0009\000.\0008\000.\0001\000\040\000M\000a\000c\000r\000o\000\040\000D\000e\000f\000i\000n\000i\000t\000i\000o\000n\000\040\000D\000o\000c\000u\000m\000e\000n\000t\000a\000t\000i\000o\000n}{section.9.8}% 148
\BOOKMARK [3][-]{subsubsection.9.8.1.1}{\376\377\0009\000.\0008\000.\0001\000.\0001\000\040\000a\000l\000i\000g\000n\000\137\000m\000e\000m}{subsection.9.8.1}% 149
\BOOKMARK [3][-]{subsubsection.9.8.1.2}{\376\377\0009\000.\0008\000.\0001\000.\0002\000\040\000C\000O\000M\000P\000I\000L\000E\000R\000\137\000F\000L\000A\000G\000S}{subsection.9.8.1}% 150
\BOOKMARK [3][-]{subsubsection.9.8.1.3}{\376\377\0009\000.\0008\000.\0001\000.\0003\000\040\000C\000O\000M\000P\000I\000L\000E\000R\000\137\000V\000E\000R\000S\000I\000O\000N}{subsection.9.8.1}% 151
\BOOKMARK [3][-]{subsubsection.9.8.1.4}{\376\377\0009\000.\0008\000.\0001\000.\0004\000\040\000C\000O\000R\000E\000T\000I\000M\000E\000T\000Y\000P\000E}{subsection.9.8.1}% 152
\BOOKMARK [3][-]{subsubsection.9.8.1.5}{\376\377\0009\000.\0008\000.\0001\000.\0005\000\040\000H\000A\000S\000\137\000F\000L\000O\000A\000T}{subsection.9.8.1}% 153
\BOOKMARK [3][-]{subsubsection.9.8.1.6}{\376\377\0009\000.\0008\000.\0001\000.\0006\000\040\000H\000A\000S\000\137\000P\000R\000I\000N\000T\000F}{subsection.9.8.1}% 154
\BOOKMARK [3][-]{subsubsection.9.8.1.7}{\376\377\0009\000.\0008\000.\0001\000.\0007\000\040\000H\000A\000S\000\137\000S\000T\000D\000I\000O}{subsection.9.8.1}% 155
\BOOKMARK [3][-]{subsubsection.9.8.1.8}{\376\377\0009\000.\0008\000.\0001\000.\0008\000\040\000H\000A\000S\000\137\000T\000I\000M\000E\000\137\000H}{subsection.9.8.1}% 156
\BOOKMARK [3][-]{subsubsection.9.8.1.9}{\376\377\0009\000.\0008\000.\0001\000.\0009\000\040\000M\000A\000I\000N\000\137\000H\000A\000S\000\137\000N\000O\000A\000R\000G\000C}{subsection.9.8.1}% 157
\BOOKMARK [3][-]{subsubsection.9.8.1.10}{\376\377\0009\000.\0008\000.\0001\000.\0001\0000\000\040\000M\000A\000I\000N\000\137\000H\000A\000S\000\137\000N\000O\000R\000E\000T\000U\000R\000N}{subsection.9.8.1}% 158
\BOOKMARK [3][-]{subsubsection.9.8.1.11}{\376\377\0009\000.\0008\000.\0001\000.\0001\0001\000\040\000M\000E\000M\000\137\000L\000O\000C\000A\000T\000I\000O\000N}{subsection.9.8.1}% 159
\BOOKMARK [3][-]{subsubsection.9.8.1.12}{\376\377\0009\000.\0008\000.\0001\000.\0001\0002\000\040\000M\000E\000M\000\137\000M\000E\000T\000H\000O\000D}{subsection.9.8.1}% 160
\BOOKMARK [3][-]{subsubsection.9.8.1.13}{\376\377\0009\000.\0008\000.\0001\000.\0001\0003\000\040\000M\000U\000L\000T\000I\000T\000H\000R\000E\000A\000D}{subsection.9.8.1}% 161
\BOOKMARK [3][-]{subsubsection.9.8.1.14}{\376\377\0009\000.\0008\000.\0001\000.\0001\0004\000\040\000N\000U\000L\000L}{subsection.9.8.1}% 162
\BOOKMARK [3][-]{subsubsection.9.8.1.15}{\376\377\0009\000.\0008\000.\0001\000.\0001\0005\000\040\000S\000E\000E\000D\000\137\000M\000E\000T\000H\000O\000D}{subsection.9.8.1}% 163
\BOOKMARK [3][-]{subsubsection.9.8.1.16}{\376\377\0009\000.\0008\000.\0001\000.\0001\0006\000\040\000U\000S\000E\000\137\000C\000L\000O\000C\000K}{subsection.9.8.1}% 164
\BOOKMARK [3][-]{subsubsection.9.8.1.17}{\376\377\0009\000.\0008\000.\0001\000.\0001\0007\000\040\000U\000S\000E\000\137\000F\000O\000R\000K}{subsection.9.8.1}% 165
\BOOKMARK [3][-]{subsubsection.9.8.1.18}{\376\377\0009\000.\0008\000.\0001\000.\0001\0008\000\040\000U\000S\000E\000\137\000P\000T\000H\000R\000E\000A\000D}{subsection.9.8.1}% 166
\BOOKMARK [3][-]{subsubsection.9.8.1.19}{\376\377\0009\000.\0008\000.\0001\000.\0001\0009\000\040\000U\000S\000E\000\137\000S\000O\000C\000K\000E\000T}{subsection.9.8.1}% 167
\BOOKMARK [3][-]{subsubsection.9.8.1.20}{\376\377\0009\000.\0008\000.\0001\000.\0002\0000\000\040\000V\000A\000L\000I\000D\000A\000T\000I\000O\000N\000\137\000R\000U\000N}{subsection.9.8.1}% 168
\BOOKMARK [2][-]{subsection.9.8.2}{\376\377\0009\000.\0008\000.\0002\000\040\000T\000y\000p\000e\000d\000e\000f\000\040\000D\000o\000c\000u\000m\000e\000n\000t\000a\000t\000i\000o\000n}{section.9.8}% 169
\BOOKMARK [3][-]{subsubsection.9.8.2.1}{\376\377\0009\000.\0008\000.\0002\000.\0001\000\040\000c\000o\000r\000e\000\137\000p\000o\000r\000t\000a\000b\000l\000e}{subsection.9.8.2}% 170
\BOOKMARK [3][-]{subsubsection.9.8.2.2}{\376\377\0009\000.\0008\000.\0002\000.\0002\000\040\000C\000O\000R\000E\000\137\000T\000I\000C\000K\000S}{subsection.9.8.2}% 171
\BOOKMARK [3][-]{subsubsection.9.8.2.3}{\376\377\0009\000.\0008\000.\0002\000.\0003\000\040\000e\000e\000\137\000f\0003\0002}{subsection.9.8.2}% 172
\BOOKMARK [3][-]{subsubsection.9.8.2.4}{\376\377\0009\000.\0008\000.\0002\000.\0004\000\040\000e\000e\000\137\000p\000t\000r\000\137\000i\000n\000t}{subsection.9.8.2}% 173
\BOOKMARK [3][-]{subsubsection.9.8.2.5}{\376\377\0009\000.\0008\000.\0002\000.\0005\000\040\000e\000e\000\137\000s\0001\0006}{subsection.9.8.2}% 174
\BOOKMARK [3][-]{subsubsection.9.8.2.6}{\376\377\0009\000.\0008\000.\0002\000.\0006\000\040\000e\000e\000\137\000s\0003\0002}{subsection.9.8.2}% 175
\BOOKMARK [3][-]{subsubsection.9.8.2.7}{\376\377\0009\000.\0008\000.\0002\000.\0007\000\040\000e\000e\000\137\000s\000i\000z\000e\000\137\000t}{subsection.9.8.2}% 176
\BOOKMARK [3][-]{subsubsection.9.8.2.8}{\376\377\0009\000.\0008\000.\0002\000.\0008\000\040\000e\000e\000\137\000u\0001\0006}{subsection.9.8.2}% 177
\BOOKMARK [3][-]{subsubsection.9.8.2.9}{\376\377\0009\000.\0008\000.\0002\000.\0009\000\040\000e\000e\000\137\000u\0003\0002}{subsection.9.8.2}% 178
\BOOKMARK [3][-]{subsubsection.9.8.2.10}{\376\377\0009\000.\0008\000.\0002\000.\0001\0000\000\040\000e\000e\000\137\000u\0008}{subsection.9.8.2}% 179
\BOOKMARK [2][-]{subsection.9.8.3}{\376\377\0009\000.\0008\000.\0003\000\040\000F\000u\000n\000c\000t\000i\000o\000n\000\040\000D\000o\000c\000u\000m\000e\000n\000t\000a\000t\000i\000o\000n}{section.9.8}% 180
\BOOKMARK [3][-]{subsubsection.9.8.3.1}{\376\377\0009\000.\0008\000.\0003\000.\0001\000\040\000e\000e\000\137\000p\000r\000i\000n\000t\000f\000\050\000\051}{subsection.9.8.3}% 181
\BOOKMARK [3][-]{subsubsection.9.8.3.2}{\376\377\0009\000.\0008\000.\0003\000.\0002\000\040\000p\000o\000r\000t\000a\000b\000l\000e\000\137\000f\000i\000n\000i\000\050\000\051}{subsection.9.8.3}% 182
\BOOKMARK [3][-]{subsubsection.9.8.3.3}{\376\377\0009\000.\0008\000.\0003\000.\0003\000\040\000p\000o\000r\000t\000a\000b\000l\000e\000\137\000i\000n\000i\000t\000\050\000\051}{subsection.9.8.3}% 183
\BOOKMARK [2][-]{subsection.9.8.4}{\376\377\0009\000.\0008\000.\0004\000\040\000V\000a\000r\000i\000a\000b\000l\000e\000\040\000D\000o\000c\000u\000m\000e\000n\000t\000a\000t\000i\000o\000n}{section.9.8}% 184
\BOOKMARK [3][-]{subsubsection.9.8.4.1}{\376\377\0009\000.\0008\000.\0004\000.\0001\000\040\000d\000e\000f\000a\000u\000l\000t\000\137\000n\000u\000m\000\137\000c\000o\000n\000t\000e\000x\000t\000s}{subsection.9.8.4}% 185
\BOOKMARK [1][-]{section.9.9}{\376\377\0009\000.\0009\000\040\000c\000o\000r\000e\000m\000a\000r\000k\000/\000e\000e\000\137\000p\000r\000i\000n\000t\000f\000.\000c\000\040\000F\000i\000l\000e\000\040\000R\000e\000f\000e\000r\000e\000n\000c\000e}{chapter.9}% 186
\BOOKMARK [2][-]{subsection.9.9.1}{\376\377\0009\000.\0009\000.\0001\000\040\000M\000a\000c\000r\000o\000\040\000D\000e\000f\000i\000n\000i\000t\000i\000o\000n\000\040\000D\000o\000c\000u\000m\000e\000n\000t\000a\000t\000i\000o\000n}{section.9.9}% 187
\BOOKMARK [3][-]{subsubsection.9.9.1.1}{\376\377\0009\000.\0009\000.\0001\000.\0001\000\040\000H\000E\000X\000\137\000P\000R\000E\000P}{subsection.9.9.1}% 188
\BOOKMARK [3][-]{subsubsection.9.9.1.2}{\376\377\0009\000.\0009\000.\0001\000.\0002\000\040\000i\000s\000\137\000d\000i\000g\000i\000t}{subsection.9.9.1}% 189
\BOOKMARK [3][-]{subsubsection.9.9.1.3}{\376\377\0009\000.\0009\000.\0001\000.\0003\000\040\000L\000E\000F\000T}{subsection.9.9.1}% 190
\BOOKMARK [3][-]{subsubsection.9.9.1.4}{\376\377\0009\000.\0009\000.\0001\000.\0004\000\040\000P\000L\000U\000S}{subsection.9.9.1}% 191
\BOOKMARK [3][-]{subsubsection.9.9.1.5}{\376\377\0009\000.\0009\000.\0001\000.\0005\000\040\000S\000I\000G\000N}{subsection.9.9.1}% 192
\BOOKMARK [3][-]{subsubsection.9.9.1.6}{\376\377\0009\000.\0009\000.\0001\000.\0006\000\040\000S\000P\000A\000C\000E}{subsection.9.9.1}% 193
\BOOKMARK [3][-]{subsubsection.9.9.1.7}{\376\377\0009\000.\0009\000.\0001\000.\0007\000\040\000U\000P\000P\000E\000R\000C\000A\000S\000E}{subsection.9.9.1}% 194
\BOOKMARK [3][-]{subsubsection.9.9.1.8}{\376\377\0009\000.\0009\000.\0001\000.\0008\000\040\000Z\000E\000R\000O\000P\000A\000D}{subsection.9.9.1}% 195
\BOOKMARK [2][-]{subsection.9.9.2}{\376\377\0009\000.\0009\000.\0002\000\040\000F\000u\000n\000c\000t\000i\000o\000n\000\040\000D\000o\000c\000u\000m\000e\000n\000t\000a\000t\000i\000o\000n}{section.9.9}% 196
\BOOKMARK [3][-]{subsubsection.9.9.2.1}{\376\377\0009\000.\0009\000.\0002\000.\0001\000\040\000e\000a\000d\000d\000r\000\050\000\051}{subsection.9.9.2}% 197
\BOOKMARK [3][-]{subsubsection.9.9.2.2}{\376\377\0009\000.\0009\000.\0002\000.\0002\000\040\000e\000e\000\137\000p\000r\000i\000n\000t\000f\000\050\000\051}{subsection.9.9.2}% 198
\BOOKMARK [3][-]{subsubsection.9.9.2.3}{\376\377\0009\000.\0009\000.\0002\000.\0003\000\040\000e\000e\000\137\000v\000s\000p\000r\000i\000n\000t\000f\000\050\000\051}{subsection.9.9.2}% 199
\BOOKMARK [3][-]{subsubsection.9.9.2.4}{\376\377\0009\000.\0009\000.\0002\000.\0004\000\040\000i\000a\000d\000d\000r\000\050\000\051}{subsection.9.9.2}% 200
\BOOKMARK [3][-]{subsubsection.9.9.2.5}{\376\377\0009\000.\0009\000.\0002\000.\0005\000\040\000n\000u\000m\000b\000e\000r\000\050\000\051}{subsection.9.9.2}% 201
\BOOKMARK [3][-]{subsubsection.9.9.2.6}{\376\377\0009\000.\0009\000.\0002\000.\0006\000\040\000s\000k\000i\000p\000\137\000a\000t\000o\000i\000\050\000\051}{subsection.9.9.2}% 202
\BOOKMARK [3][-]{subsubsection.9.9.2.7}{\376\377\0009\000.\0009\000.\0002\000.\0007\000\040\000s\000t\000r\000n\000l\000e\000n\000\050\000\051}{subsection.9.9.2}% 203
\BOOKMARK [3][-]{subsubsection.9.9.2.8}{\376\377\0009\000.\0009\000.\0002\000.\0008\000\040\000u\000a\000r\000t\000\137\000s\000e\000n\000d\000\137\000c\000h\000a\000r\000\050\000\051}{subsection.9.9.2}% 204
\BOOKMARK [2][-]{subsection.9.9.3}{\376\377\0009\000.\0009\000.\0003\000\040\000V\000a\000r\000i\000a\000b\000l\000e\000\040\000D\000o\000c\000u\000m\000e\000n\000t\000a\000t\000i\000o\000n}{section.9.9}% 205
\BOOKMARK [3][-]{subsubsection.9.9.3.1}{\376\377\0009\000.\0009\000.\0003\000.\0001\000\040\000d\000i\000g\000i\000t\000s}{subsection.9.9.3}% 206
\BOOKMARK [3][-]{subsubsection.9.9.3.2}{\376\377\0009\000.\0009\000.\0003\000.\0002\000\040\000u\000p\000p\000e\000r\000\137\000d\000i\000g\000i\000t\000s}{subsection.9.9.3}% 207
\BOOKMARK [1][-]{section.9.10}{\376\377\0009\000.\0001\0000\000\040\000c\000o\000r\000e\000m\000a\000r\000k\000/\000R\000E\000A\000D\000M\000E\000.\000m\000d\000\040\000F\000i\000l\000e\000\040\000R\000e\000f\000e\000r\000e\000n\000c\000e}{chapter.9}% 208
\BOOKMARK [1][-]{section.9.11}{\376\377\0009\000.\0001\0001\000\040\000d\000a\000r\000k\000s\000h\000e\000l\000l\000/\000R\000E\000A\000D\000M\000E\000.\000m\000d\000\040\000F\000i\000l\000e\000\040\000R\000e\000f\000e\000r\000e\000n\000c\000e}{chapter.9}% 209
\BOOKMARK [1][-]{section.9.12}{\376\377\0009\000.\0001\0002\000\040\000R\000E\000A\000D\000M\000E\000.\000m\000d\000\040\000F\000i\000l\000e\000\040\000R\000e\000f\000e\000r\000e\000n\000c\000e}{chapter.9}% 210
\BOOKMARK [1][-]{section.9.13}{\376\377\0009\000.\0001\0003\000\040\000c\000o\000r\000e\000m\000a\000r\000k\000/\000s\000r\000c\000/\000c\000o\000r\000e\000\137\000l\000i\000s\000t\000\137\000j\000o\000i\000n\000.\000c\000\040\000F\000i\000l\000e\000\040\000R\000e\000f\000e\000r\000e\000n\000c\000e}{chapter.9}% 211
\BOOKMARK [2][-]{subsection.9.13.1}{\376\377\0009\000.\0001\0003\000.\0001\000\040\000T\000y\000p\000e\000d\000e\000f\000\040\000D\000o\000c\000u\000m\000e\000n\000t\000a\000t\000i\000o\000n}{section.9.13}% 212
\BOOKMARK [3][-]{subsubsection.9.13.1.1}{\376\377\0009\000.\0001\0003\000.\0001\000.\0001\000\040\000l\000i\000s\000t\000\137\000c\000m\000p}{subsection.9.13.1}% 213
\BOOKMARK [2][-]{subsection.9.13.2}{\376\377\0009\000.\0001\0003\000.\0002\000\040\000F\000u\000n\000c\000t\000i\000o\000n\000\040\000D\000o\000c\000u\000m\000e\000n\000t\000a\000t\000i\000o\000n}{section.9.13}% 214
\BOOKMARK [3][-]{subsubsection.9.13.2.1}{\376\377\0009\000.\0001\0003\000.\0002\000.\0001\000\040\000c\000a\000l\000c\000\137\000f\000u\000n\000c\000\050\000\051}{subsection.9.13.2}% 215
\BOOKMARK [3][-]{subsubsection.9.13.2.2}{\376\377\0009\000.\0001\0003\000.\0002\000.\0002\000\040\000c\000m\000p\000\137\000c\000o\000m\000p\000l\000e\000x\000\050\000\051}{subsection.9.13.2}% 216
\BOOKMARK [3][-]{subsubsection.9.13.2.3}{\376\377\0009\000.\0001\0003\000.\0002\000.\0003\000\040\000c\000m\000p\000\137\000i\000d\000x\000\050\000\051}{subsection.9.13.2}% 217
\BOOKMARK [3][-]{subsubsection.9.13.2.4}{\376\377\0009\000.\0001\0003\000.\0002\000.\0004\000\040\000c\000o\000p\000y\000\137\000i\000n\000f\000o\000\050\000\051}{subsection.9.13.2}% 218
\BOOKMARK [3][-]{subsubsection.9.13.2.5}{\376\377\0009\000.\0001\0003\000.\0002\000.\0005\000\040\000c\000o\000r\000e\000\137\000b\000e\000n\000c\000h\000\137\000l\000i\000s\000t\000\050\000\051}{subsection.9.13.2}% 219
\BOOKMARK [3][-]{subsubsection.9.13.2.6}{\376\377\0009\000.\0001\0003\000.\0002\000.\0006\000\040\000c\000o\000r\000e\000\137\000l\000i\000s\000t\000\137\000f\000i\000n\000d\000\050\000\051}{subsection.9.13.2}% 220
\BOOKMARK [3][-]{subsubsection.9.13.2.7}{\376\377\0009\000.\0001\0003\000.\0002\000.\0007\000\040\000c\000o\000r\000e\000\137\000l\000i\000s\000t\000\137\000i\000n\000i\000t\000\050\000\051}{subsection.9.13.2}% 221
\BOOKMARK [3][-]{subsubsection.9.13.2.8}{\376\377\0009\000.\0001\0003\000.\0002\000.\0008\000\040\000c\000o\000r\000e\000\137\000l\000i\000s\000t\000\137\000i\000n\000s\000e\000r\000t\000\137\000n\000e\000w\000\050\000\051}{subsection.9.13.2}% 222
\BOOKMARK [3][-]{subsubsection.9.13.2.9}{\376\377\0009\000.\0001\0003\000.\0002\000.\0009\000\040\000c\000o\000r\000e\000\137\000l\000i\000s\000t\000\137\000m\000e\000r\000g\000e\000s\000o\000r\000t\000\050\000\051}{subsection.9.13.2}% 223
\BOOKMARK [3][-]{subsubsection.9.13.2.10}{\376\377\0009\000.\0001\0003\000.\0002\000.\0001\0000\000\040\000c\000o\000r\000e\000\137\000l\000i\000s\000t\000\137\000r\000e\000m\000o\000v\000e\000\050\000\051}{subsection.9.13.2}% 224
\BOOKMARK [3][-]{subsubsection.9.13.2.11}{\376\377\0009\000.\0001\0003\000.\0002\000.\0001\0001\000\040\000c\000o\000r\000e\000\137\000l\000i\000s\000t\000\137\000r\000e\000v\000e\000r\000s\000e\000\050\000\051}{subsection.9.13.2}% 225
\BOOKMARK [3][-]{subsubsection.9.13.2.12}{\376\377\0009\000.\0001\0003\000.\0002\000.\0001\0002\000\040\000c\000o\000r\000e\000\137\000l\000i\000s\000t\000\137\000u\000n\000d\000o\000\137\000r\000e\000m\000o\000v\000e\000\050\000\051}{subsection.9.13.2}% 226
\BOOKMARK [1][-]{section.9.14}{\376\377\0009\000.\0001\0004\000\040\000c\000o\000r\000e\000m\000a\000r\000k\000/\000s\000r\000c\000/\000c\000o\000r\000e\000\137\000m\000a\000i\000n\000.\000c\000\040\000F\000i\000l\000e\000\040\000R\000e\000f\000e\000r\000e\000n\000c\000e}{chapter.9}% 227
\BOOKMARK [2][-]{subsection.9.14.1}{\376\377\0009\000.\0001\0004\000.\0001\000\040\000M\000a\000c\000r\000o\000\040\000D\000e\000f\000i\000n\000i\000t\000i\000o\000n\000\040\000D\000o\000c\000u\000m\000e\000n\000t\000a\000t\000i\000o\000n}{section.9.14}% 228
\BOOKMARK [3][-]{subsubsection.9.14.1.1}{\376\377\0009\000.\0001\0004\000.\0001\000.\0001\000\040\000g\000e\000t\000\137\000s\000e\000e\000d}{subsection.9.14.1}% 229
\BOOKMARK [3][-]{subsubsection.9.14.1.2}{\376\377\0009\000.\0001\0004\000.\0001\000.\0002\000\040\000g\000e\000t\000\137\000s\000e\000e\000d\000\137\0003\0002}{subsection.9.14.1}% 230
\BOOKMARK [2][-]{subsection.9.14.2}{\376\377\0009\000.\0001\0004\000.\0002\000\040\000F\000u\000n\000c\000t\000i\000o\000n\000\040\000D\000o\000c\000u\000m\000e\000n\000t\000a\000t\000i\000o\000n}{section.9.14}% 231
\BOOKMARK [3][-]{subsubsection.9.14.2.1}{\376\377\0009\000.\0001\0004\000.\0002\000.\0001\000\040\000g\000e\000t\000\137\000s\000e\000e\000d\000\137\000a\000r\000g\000s\000\050\000\051}{subsection.9.14.2}% 232
\BOOKMARK [3][-]{subsubsection.9.14.2.2}{\376\377\0009\000.\0001\0004\000.\0002\000.\0002\000\040\000i\000t\000e\000r\000a\000t\000e\000\050\000\051}{subsection.9.14.2}% 233
\BOOKMARK [3][-]{subsubsection.9.14.2.3}{\376\377\0009\000.\0001\0004\000.\0002\000.\0003\000\040\000m\000a\000i\000n\000\050\000\051}{subsection.9.14.2}% 234
\BOOKMARK [2][-]{subsection.9.14.3}{\376\377\0009\000.\0001\0004\000.\0003\000\040\000V\000a\000r\000i\000a\000b\000l\000e\000\040\000D\000o\000c\000u\000m\000e\000n\000t\000a\000t\000i\000o\000n}{section.9.14}% 235
\BOOKMARK [3][-]{subsubsection.9.14.3.1}{\376\377\0009\000.\0001\0004\000.\0003\000.\0001\000\040\000l\000i\000s\000t\000\137\000k\000n\000o\000w\000n\000\137\000c\000r\000c}{subsection.9.14.3}% 236
\BOOKMARK [3][-]{subsubsection.9.14.3.2}{\376\377\0009\000.\0001\0004\000.\0003\000.\0002\000\040\000m\000a\000t\000r\000i\000x\000\137\000k\000n\000o\000w\000n\000\137\000c\000r\000c}{subsection.9.14.3}% 237
\BOOKMARK [3][-]{subsubsection.9.14.3.3}{\376\377\0009\000.\0001\0004\000.\0003\000.\0003\000\040\000m\000e\000m\000\137\000n\000a\000m\000e}{subsection.9.14.3}% 238
\BOOKMARK [3][-]{subsubsection.9.14.3.4}{\376\377\0009\000.\0001\0004\000.\0003\000.\0004\000\040\000s\000t\000a\000t\000e\000\137\000k\000n\000o\000w\000n\000\137\000c\000r\000c}{subsection.9.14.3}% 239
\BOOKMARK [3][-]{subsubsection.9.14.3.5}{\376\377\0009\000.\0001\0004\000.\0003\000.\0005\000\040\000s\000t\000a\000t\000i\000c\000\137\000m\000e\000m\000b\000l\000k}{subsection.9.14.3}% 240
\BOOKMARK [1][-]{section.9.15}{\376\377\0009\000.\0001\0005\000\040\000c\000o\000r\000e\000m\000a\000r\000k\000/\000s\000r\000c\000/\000c\000o\000r\000e\000\137\000m\000a\000t\000r\000i\000x\000.\000c\000\040\000F\000i\000l\000e\000\040\000R\000e\000f\000e\000r\000e\000n\000c\000e}{chapter.9}% 241
\BOOKMARK [2][-]{subsection.9.15.1}{\376\377\0009\000.\0001\0005\000.\0001\000\040\000M\000a\000c\000r\000o\000\040\000D\000e\000f\000i\000n\000i\000t\000i\000o\000n\000\040\000D\000o\000c\000u\000m\000e\000n\000t\000a\000t\000i\000o\000n}{section.9.15}% 242
\BOOKMARK [3][-]{subsubsection.9.15.1.1}{\376\377\0009\000.\0001\0005\000.\0001\000.\0001\000\040\000b\000i\000t\000\137\000e\000x\000t\000r\000a\000c\000t}{subsection.9.15.1}% 243
\BOOKMARK [3][-]{subsubsection.9.15.1.2}{\376\377\0009\000.\0001\0005\000.\0001\000.\0002\000\040\000m\000a\000t\000r\000i\000x\000\137\000b\000i\000g}{subsection.9.15.1}% 244
\BOOKMARK [3][-]{subsubsection.9.15.1.3}{\376\377\0009\000.\0001\0005\000.\0001\000.\0003\000\040\000m\000a\000t\000r\000i\000x\000\137\000c\000l\000i\000p}{subsection.9.15.1}% 245
\BOOKMARK [3][-]{subsubsection.9.15.1.4}{\376\377\0009\000.\0001\0005\000.\0001\000.\0004\000\040\000m\000a\000t\000r\000i\000x\000\137\000t\000e\000s\000t\000\137\000n\000e\000x\000t}{subsection.9.15.1}% 246
\BOOKMARK [2][-]{subsection.9.15.2}{\376\377\0009\000.\0001\0005\000.\0002\000\040\000F\000u\000n\000c\000t\000i\000o\000n\000\040\000D\000o\000c\000u\000m\000e\000n\000t\000a\000t\000i\000o\000n}{section.9.15}% 247
\BOOKMARK [3][-]{subsubsection.9.15.2.1}{\376\377\0009\000.\0001\0005\000.\0002\000.\0001\000\040\000c\000o\000r\000e\000\137\000b\000e\000n\000c\000h\000\137\000m\000a\000t\000r\000i\000x\000\050\000\051}{subsection.9.15.2}% 248
\BOOKMARK [3][-]{subsubsection.9.15.2.2}{\376\377\0009\000.\0001\0005\000.\0002\000.\0002\000\040\000c\000o\000r\000e\000\137\000i\000n\000i\000t\000\137\000m\000a\000t\000r\000i\000x\000\050\000\051}{subsection.9.15.2}% 249
\BOOKMARK [3][-]{subsubsection.9.15.2.3}{\376\377\0009\000.\0001\0005\000.\0002\000.\0003\000\040\000m\000a\000t\000r\000i\000x\000\137\000a\000d\000d\000\137\000c\000o\000n\000s\000t\000\050\000\051}{subsection.9.15.2}% 250
\BOOKMARK [3][-]{subsubsection.9.15.2.4}{\376\377\0009\000.\0001\0005\000.\0002\000.\0004\000\040\000m\000a\000t\000r\000i\000x\000\137\000m\000u\000l\000\137\000c\000o\000n\000s\000t\000\050\000\051}{subsection.9.15.2}% 251
\BOOKMARK [3][-]{subsubsection.9.15.2.5}{\376\377\0009\000.\0001\0005\000.\0002\000.\0005\000\040\000m\000a\000t\000r\000i\000x\000\137\000m\000u\000l\000\137\000m\000a\000t\000r\000i\000x\000\050\000\051}{subsection.9.15.2}% 252
\BOOKMARK [3][-]{subsubsection.9.15.2.6}{\376\377\0009\000.\0001\0005\000.\0002\000.\0006\000\040\000m\000a\000t\000r\000i\000x\000\137\000m\000u\000l\000\137\000m\000a\000t\000r\000i\000x\000\137\000b\000i\000t\000e\000x\000t\000r\000a\000c\000t\000\050\000\051}{subsection.9.15.2}% 253
\BOOKMARK [3][-]{subsubsection.9.15.2.7}{\376\377\0009\000.\0001\0005\000.\0002\000.\0007\000\040\000m\000a\000t\000r\000i\000x\000\137\000m\000u\000l\000\137\000v\000e\000c\000t\000\050\000\051}{subsection.9.15.2}% 254
\BOOKMARK [3][-]{subsubsection.9.15.2.8}{\376\377\0009\000.\0001\0005\000.\0002\000.\0008\000\040\000m\000a\000t\000r\000i\000x\000\137\000s\000u\000m\000\050\000\051}{subsection.9.15.2}% 255
\BOOKMARK [3][-]{subsubsection.9.15.2.9}{\376\377\0009\000.\0001\0005\000.\0002\000.\0009\000\040\000m\000a\000t\000r\000i\000x\000\137\000t\000e\000s\000t\000\050\000\051}{subsection.9.15.2}% 256
\BOOKMARK [1][-]{section.9.16}{\376\377\0009\000.\0001\0006\000\040\000c\000o\000r\000e\000m\000a\000r\000k\000/\000s\000r\000c\000/\000c\000o\000r\000e\000\137\000s\000t\000a\000t\000e\000.\000c\000\040\000F\000i\000l\000e\000\040\000R\000e\000f\000e\000r\000e\000n\000c\000e}{chapter.9}% 257
\BOOKMARK [2][-]{subsection.9.16.1}{\376\377\0009\000.\0001\0006\000.\0001\000\040\000F\000u\000n\000c\000t\000i\000o\000n\000\040\000D\000o\000c\000u\000m\000e\000n\000t\000a\000t\000i\000o\000n}{section.9.16}% 258
\BOOKMARK [3][-]{subsubsection.9.16.1.1}{\376\377\0009\000.\0001\0006\000.\0001\000.\0001\000\040\000c\000o\000r\000e\000\137\000b\000e\000n\000c\000h\000\137\000s\000t\000a\000t\000e\000\050\000\051}{subsection.9.16.1}% 259
\BOOKMARK [3][-]{subsubsection.9.16.1.2}{\376\377\0009\000.\0001\0006\000.\0001\000.\0002\000\040\000c\000o\000r\000e\000\137\000i\000n\000i\000t\000\137\000s\000t\000a\000t\000e\000\050\000\051}{subsection.9.16.1}% 260
\BOOKMARK [3][-]{subsubsection.9.16.1.3}{\376\377\0009\000.\0001\0006\000.\0001\000.\0003\000\040\000c\000o\000r\000e\000\137\000s\000t\000a\000t\000e\000\137\000t\000r\000a\000n\000s\000i\000t\000i\000o\000n\000\050\000\051}{subsection.9.16.1}% 261
\BOOKMARK [3][-]{subsubsection.9.16.1.4}{\376\377\0009\000.\0001\0006\000.\0001\000.\0004\000\040\000e\000e\000\137\000i\000s\000d\000i\000g\000i\000t\000\050\000\051}{subsection.9.16.1}% 262
\BOOKMARK [2][-]{subsection.9.16.2}{\376\377\0009\000.\0001\0006\000.\0002\000\040\000V\000a\000r\000i\000a\000b\000l\000e\000\040\000D\000o\000c\000u\000m\000e\000n\000t\000a\000t\000i\000o\000n}{section.9.16}% 263
\BOOKMARK [3][-]{subsubsection.9.16.2.1}{\376\377\0009\000.\0001\0006\000.\0002\000.\0001\000\040\000e\000r\000r\000p\000a\000t}{subsection.9.16.2}% 264
\BOOKMARK [3][-]{subsubsection.9.16.2.2}{\376\377\0009\000.\0001\0006\000.\0002\000.\0002\000\040\000f\000l\000o\000a\000t\000p\000a\000t}{subsection.9.16.2}% 265
\BOOKMARK [3][-]{subsubsection.9.16.2.3}{\376\377\0009\000.\0001\0006\000.\0002\000.\0003\000\040\000i\000n\000t\000p\000a\000t}{subsection.9.16.2}% 266
\BOOKMARK [3][-]{subsubsection.9.16.2.4}{\376\377\0009\000.\0001\0006\000.\0002\000.\0004\000\040\000s\000c\000i\000p\000a\000t}{subsection.9.16.2}% 267
\BOOKMARK [1][-]{section.9.17}{\376\377\0009\000.\0001\0007\000\040\000c\000o\000r\000e\000m\000a\000r\000k\000/\000s\000r\000c\000/\000c\000o\000r\000e\000\137\000u\000t\000i\000l\000.\000c\000\040\000F\000i\000l\000e\000\040\000R\000e\000f\000e\000r\000e\000n\000c\000e}{chapter.9}% 268
\BOOKMARK [2][-]{subsection.9.17.1}{\376\377\0009\000.\0001\0007\000.\0001\000\040\000F\000u\000n\000c\000t\000i\000o\000n\000\040\000D\000o\000c\000u\000m\000e\000n\000t\000a\000t\000i\000o\000n}{section.9.17}% 269
\BOOKMARK [3][-]{subsubsection.9.17.1.1}{\376\377\0009\000.\0001\0007\000.\0001\000.\0001\000\040\000c\000h\000e\000c\000k\000\137\000d\000a\000t\000a\000\137\000t\000y\000p\000e\000s\000\050\000\051}{subsection.9.17.1}% 270
\BOOKMARK [3][-]{subsubsection.9.17.1.2}{\376\377\0009\000.\0001\0007\000.\0001\000.\0002\000\040\000c\000r\000c\0001\0006\000\050\000\051}{subsection.9.17.1}% 271
\BOOKMARK [3][-]{subsubsection.9.17.1.3}{\376\377\0009\000.\0001\0007\000.\0001\000.\0003\000\040\000c\000r\000c\000u\0001\0006\000\050\000\051}{subsection.9.17.1}% 272
\BOOKMARK [3][-]{subsubsection.9.17.1.4}{\376\377\0009\000.\0001\0007\000.\0001\000.\0004\000\040\000c\000r\000c\000u\0003\0002\000\050\000\051}{subsection.9.17.1}% 273
\BOOKMARK [3][-]{subsubsection.9.17.1.5}{\376\377\0009\000.\0001\0007\000.\0001\000.\0005\000\040\000c\000r\000c\000u\0008\000\050\000\051}{subsection.9.17.1}% 274
\BOOKMARK [3][-]{subsubsection.9.17.1.6}{\376\377\0009\000.\0001\0007\000.\0001\000.\0006\000\040\000g\000e\000t\000\137\000s\000e\000e\000d\000\137\000a\000r\000g\000s\000\050\000\051}{subsection.9.17.1}% 275
\BOOKMARK [3][-]{subsubsection.9.17.1.7}{\376\377\0009\000.\0001\0007\000.\0001\000.\0007\000\040\000p\000a\000r\000s\000e\000v\000a\000l\000\050\000\051}{subsection.9.17.1}% 276
\BOOKMARK [1][-]{section.9.18}{\376\377\0009\000.\0001\0008\000\040\000c\000o\000r\000e\000m\000a\000r\000k\000/\000s\000r\000c\000/\000c\000o\000r\000e\000m\000a\000r\000k\000.\000h\000\040\000F\000i\000l\000e\000\040\000R\000e\000f\000e\000r\000e\000n\000c\000e}{chapter.9}% 277
\BOOKMARK [2][-]{subsection.9.18.1}{\376\377\0009\000.\0001\0008\000.\0001\000\040\000M\000a\000c\000r\000o\000\040\000D\000e\000f\000i\000n\000i\000t\000i\000o\000n\000\040\000D\000o\000c\000u\000m\000e\000n\000t\000a\000t\000i\000o\000n}{section.9.18}% 278
\BOOKMARK [3][-]{subsubsection.9.18.1.1}{\376\377\0009\000.\0001\0008\000.\0001\000.\0001\000\040\000A\000L\000L\000\137\000A\000L\000G\000O\000R\000I\000T\000H\000M\000S\000\137\000M\000A\000S\000K}{subsection.9.18.1}% 279
\BOOKMARK [3][-]{subsubsection.9.18.1.2}{\376\377\0009\000.\0001\0008\000.\0001\000.\0002\000\040\000I\000D\000\137\000L\000I\000S\000T}{subsection.9.18.1}% 280
\BOOKMARK [3][-]{subsubsection.9.18.1.3}{\376\377\0009\000.\0001\0008\000.\0001\000.\0003\000\040\000I\000D\000\137\000M\000A\000T\000R\000I\000X}{subsection.9.18.1}% 281
\BOOKMARK [3][-]{subsubsection.9.18.1.4}{\376\377\0009\000.\0001\0008\000.\0001\000.\0004\000\040\000I\000D\000\137\000S\000T\000A\000T\000E}{subsection.9.18.1}% 282
\BOOKMARK [3][-]{subsubsection.9.18.1.5}{\376\377\0009\000.\0001\0008\000.\0001\000.\0005\000\040\000M\000A\000I\000N\000\137\000R\000E\000T\000U\000R\000N\000\137\000T\000Y\000P\000E}{subsection.9.18.1}% 283
\BOOKMARK [3][-]{subsubsection.9.18.1.6}{\376\377\0009\000.\0001\0008\000.\0001\000.\0006\000\040\000M\000A\000I\000N\000\137\000R\000E\000T\000U\000R\000N\000\137\000V\000A\000L}{subsection.9.18.1}% 284
\BOOKMARK [3][-]{subsubsection.9.18.1.7}{\376\377\0009\000.\0001\0008\000.\0001\000.\0007\000\040\000M\000A\000T\000D\000A\000T\000\137\000I\000N\000T}{subsection.9.18.1}% 285
\BOOKMARK [3][-]{subsubsection.9.18.1.8}{\376\377\0009\000.\0001\0008\000.\0001\000.\0008\000\040\000M\000E\000M\000\137\000M\000A\000L\000L\000O\000C}{subsection.9.18.1}% 286
\BOOKMARK [3][-]{subsubsection.9.18.1.9}{\376\377\0009\000.\0001\0008\000.\0001\000.\0009\000\040\000M\000E\000M\000\137\000S\000T\000A\000C\000K}{subsection.9.18.1}% 287
\BOOKMARK [3][-]{subsubsection.9.18.1.10}{\376\377\0009\000.\0001\0008\000.\0001\000.\0001\0000\000\040\000M\000E\000M\000\137\000S\000T\000A\000T\000I\000C}{subsection.9.18.1}% 288
\BOOKMARK [3][-]{subsubsection.9.18.1.11}{\376\377\0009\000.\0001\0008\000.\0001\000.\0001\0001\000\040\000N\000U\000M\000\137\000A\000L\000G\000O\000R\000I\000T\000H\000M\000S}{subsection.9.18.1}% 289
\BOOKMARK [3][-]{subsubsection.9.18.1.12}{\376\377\0009\000.\0001\0008\000.\0001\000.\0001\0002\000\040\000S\000E\000E\000D\000\137\000A\000R\000G}{subsection.9.18.1}% 290
\BOOKMARK [3][-]{subsubsection.9.18.1.13}{\376\377\0009\000.\0001\0008\000.\0001\000.\0001\0003\000\040\000S\000E\000E\000D\000\137\000F\000U\000N\000C}{subsection.9.18.1}% 291
\BOOKMARK [3][-]{subsubsection.9.18.1.14}{\376\377\0009\000.\0001\0008\000.\0001\000.\0001\0004\000\040\000S\000E\000E\000D\000\137\000V\000O\000L\000A\000T\000I\000L\000E}{subsection.9.18.1}% 292
\BOOKMARK [3][-]{subsubsection.9.18.1.15}{\376\377\0009\000.\0001\0008\000.\0001\000.\0001\0005\000\040\000T\000O\000T\000A\000L\000\137\000D\000A\000T\000A\000\137\000S\000I\000Z\000E}{subsection.9.18.1}% 293
\BOOKMARK [2][-]{subsection.9.18.2}{\376\377\0009\000.\0001\0008\000.\0002\000\040\000T\000y\000p\000e\000d\000e\000f\000\040\000D\000o\000c\000u\000m\000e\000n\000t\000a\000t\000i\000o\000n}{section.9.18}% 294
\BOOKMARK [3][-]{subsubsection.9.18.2.1}{\376\377\0009\000.\0001\0008\000.\0002\000.\0001\000\040\000c\000o\000r\000e\000\137\000r\000e\000s\000u\000l\000t\000s}{subsection.9.18.2}% 295
\BOOKMARK [3][-]{subsubsection.9.18.2.2}{\376\377\0009\000.\0001\0008\000.\0002\000.\0002\000\040\000c\000o\000r\000e\000\137\000s\000t\000a\000t\000e\000\137\000e}{subsection.9.18.2}% 296
\BOOKMARK [3][-]{subsubsection.9.18.2.3}{\376\377\0009\000.\0001\0008\000.\0002\000.\0003\000\040\000l\000i\000s\000t\000\137\000d\000a\000t\000a}{subsection.9.18.2}% 297
\BOOKMARK [3][-]{subsubsection.9.18.2.4}{\376\377\0009\000.\0001\0008\000.\0002\000.\0004\000\040\000l\000i\000s\000t\000\137\000h\000e\000a\000d}{subsection.9.18.2}% 298
\BOOKMARK [3][-]{subsubsection.9.18.2.5}{\376\377\0009\000.\0001\0008\000.\0002\000.\0005\000\040\000m\000a\000t\000\137\000p\000a\000r\000a\000m\000s}{subsection.9.18.2}% 299
\BOOKMARK [3][-]{subsubsection.9.18.2.6}{\376\377\0009\000.\0001\0008\000.\0002\000.\0006\000\040\000M\000A\000T\000D\000A\000T}{subsection.9.18.2}% 300
\BOOKMARK [3][-]{subsubsection.9.18.2.7}{\376\377\0009\000.\0001\0008\000.\0002\000.\0007\000\040\000M\000A\000T\000R\000E\000S}{subsection.9.18.2}% 301
\BOOKMARK [3][-]{subsubsection.9.18.2.8}{\376\377\0009\000.\0001\0008\000.\0002\000.\0008\000\040\000s\000e\000c\000s\000\137\000r\000e\000t}{subsection.9.18.2}% 302
\BOOKMARK [2][-]{subsection.9.18.3}{\376\377\0009\000.\0001\0008\000.\0003\000\040\000E\000n\000u\000m\000e\000r\000a\000t\000i\000o\000n\000\040\000T\000y\000p\000e\000\040\000D\000o\000c\000u\000m\000e\000n\000t\000a\000t\000i\000o\000n}{section.9.18}% 303
\BOOKMARK [3][-]{subsubsection.9.18.3.1}{\376\377\0009\000.\0001\0008\000.\0003\000.\0001\000\040\000C\000O\000R\000E\000\137\000S\000T\000A\000T\000E}{subsection.9.18.3}% 304
\BOOKMARK [2][-]{subsection.9.18.4}{\376\377\0009\000.\0001\0008\000.\0004\000\040\000F\000u\000n\000c\000t\000i\000o\000n\000\040\000D\000o\000c\000u\000m\000e\000n\000t\000a\000t\000i\000o\000n}{section.9.18}% 305
\BOOKMARK [3][-]{subsubsection.9.18.4.1}{\376\377\0009\000.\0001\0008\000.\0004\000.\0001\000\040\000c\000h\000e\000c\000k\000\137\000d\000a\000t\000a\000\137\000t\000y\000p\000e\000s\000\050\000\051}{subsection.9.18.4}% 306
\BOOKMARK [3][-]{subsubsection.9.18.4.2}{\376\377\0009\000.\0001\0008\000.\0004\000.\0002\000\040\000c\000o\000r\000e\000\137\000b\000e\000n\000c\000h\000\137\000l\000i\000s\000t\000\050\000\051}{subsection.9.18.4}% 307
\BOOKMARK [3][-]{subsubsection.9.18.4.3}{\376\377\0009\000.\0001\0008\000.\0004\000.\0003\000\040\000c\000o\000r\000e\000\137\000b\000e\000n\000c\000h\000\137\000m\000a\000t\000r\000i\000x\000\050\000\051}{subsection.9.18.4}% 308
\BOOKMARK [3][-]{subsubsection.9.18.4.4}{\376\377\0009\000.\0001\0008\000.\0004\000.\0004\000\040\000c\000o\000r\000e\000\137\000b\000e\000n\000c\000h\000\137\000s\000t\000a\000t\000e\000\050\000\051}{subsection.9.18.4}% 309
\BOOKMARK [3][-]{subsubsection.9.18.4.5}{\376\377\0009\000.\0001\0008\000.\0004\000.\0005\000\040\000c\000o\000r\000e\000\137\000i\000n\000i\000t\000\137\000m\000a\000t\000r\000i\000x\000\050\000\051}{subsection.9.18.4}% 310
\BOOKMARK [3][-]{subsubsection.9.18.4.6}{\376\377\0009\000.\0001\0008\000.\0004\000.\0006\000\040\000c\000o\000r\000e\000\137\000i\000n\000i\000t\000\137\000s\000t\000a\000t\000e\000\050\000\051}{subsection.9.18.4}% 311
\BOOKMARK [3][-]{subsubsection.9.18.4.7}{\376\377\0009\000.\0001\0008\000.\0004\000.\0007\000\040\000c\000o\000r\000e\000\137\000l\000i\000s\000t\000\137\000i\000n\000i\000t\000\050\000\051}{subsection.9.18.4}% 312
\BOOKMARK [3][-]{subsubsection.9.18.4.8}{\376\377\0009\000.\0001\0008\000.\0004\000.\0008\000\040\000c\000r\000c\0001\0006\000\050\000\051}{subsection.9.18.4}% 313
\BOOKMARK [3][-]{subsubsection.9.18.4.9}{\376\377\0009\000.\0001\0008\000.\0004\000.\0009\000\040\000c\000r\000c\000u\0001\0006\000\050\000\051}{subsection.9.18.4}% 314
\BOOKMARK [3][-]{subsubsection.9.18.4.10}{\376\377\0009\000.\0001\0008\000.\0004\000.\0001\0000\000\040\000c\000r\000c\000u\0003\0002\000\050\000\051}{subsection.9.18.4}% 315
\BOOKMARK [3][-]{subsubsection.9.18.4.11}{\376\377\0009\000.\0001\0008\000.\0004\000.\0001\0001\000\040\000c\000r\000c\000u\0008\000\050\000\051}{subsection.9.18.4}% 316
\BOOKMARK [3][-]{subsubsection.9.18.4.12}{\376\377\0009\000.\0001\0008\000.\0004\000.\0001\0002\000\040\000g\000e\000t\000\137\000t\000i\000m\000e\000\050\000\051}{subsection.9.18.4}% 317
\BOOKMARK [3][-]{subsubsection.9.18.4.13}{\376\377\0009\000.\0001\0008\000.\0004\000.\0001\0003\000\040\000i\000t\000e\000r\000a\000t\000e\000\050\000\051}{subsection.9.18.4}% 318
\BOOKMARK [3][-]{subsubsection.9.18.4.14}{\376\377\0009\000.\0001\0008\000.\0004\000.\0001\0004\000\040\000p\000a\000r\000s\000e\000v\000a\000l\000\050\000\051}{subsection.9.18.4}% 319
\BOOKMARK [3][-]{subsubsection.9.18.4.15}{\376\377\0009\000.\0001\0008\000.\0004\000.\0001\0005\000\040\000p\000o\000r\000t\000a\000b\000l\000e\000\137\000f\000r\000e\000e\000\050\000\051}{subsection.9.18.4}% 320
\BOOKMARK [3][-]{subsubsection.9.18.4.16}{\376\377\0009\000.\0001\0008\000.\0004\000.\0001\0006\000\040\000p\000o\000r\000t\000a\000b\000l\000e\000\137\000m\000a\000l\000l\000o\000c\000\050\000\051}{subsection.9.18.4}% 321
\BOOKMARK [3][-]{subsubsection.9.18.4.17}{\376\377\0009\000.\0001\0008\000.\0004\000.\0001\0007\000\040\000s\000t\000a\000r\000t\000\137\000t\000i\000m\000e\000\050\000\051}{subsection.9.18.4}% 322
\BOOKMARK [3][-]{subsubsection.9.18.4.18}{\376\377\0009\000.\0001\0008\000.\0004\000.\0001\0008\000\040\000s\000t\000o\000p\000\137\000t\000i\000m\000e\000\050\000\051}{subsection.9.18.4}% 323
\BOOKMARK [3][-]{subsubsection.9.18.4.19}{\376\377\0009\000.\0001\0008\000.\0004\000.\0001\0009\000\040\000t\000i\000m\000e\000\137\000i\000n\000\137\000s\000e\000c\000s\000\050\000\051}{subsection.9.18.4}% 324
\BOOKMARK [1][-]{section.9.19}{\376\377\0009\000.\0001\0009\000\040\000d\000a\000r\000k\000l\000i\000b\000c\000/\000i\0002\000c\000.\000c\000\040\000F\000i\000l\000e\000\040\000R\000e\000f\000e\000r\000e\000n\000c\000e}{chapter.9}% 325
\BOOKMARK [1][-]{section.9.20}{\376\377\0009\000.\0002\0000\000\040\000d\000a\000r\000k\000l\000i\000b\000c\000/\000i\0002\000c\000\137\000o\000l\000d\000.\000c\000\040\000F\000i\000l\000e\000\040\000R\000e\000f\000e\000r\000e\000n\000c\000e}{chapter.9}% 326
\BOOKMARK [1][-]{section.9.21}{\376\377\0009\000.\0002\0001\000\040\000d\000a\000r\000k\000l\000i\000b\000c\000/\000i\000n\000c\000l\000u\000d\000e\000/\000i\0002\000c\000.\000h\000\040\000F\000i\000l\000e\000\040\000R\000e\000f\000e\000r\000e\000n\000c\000e}{chapter.9}% 327
\BOOKMARK [2][-]{subsection.9.21.1}{\376\377\0009\000.\0002\0001\000.\0001\000\040\000F\000u\000n\000c\000t\000i\000o\000n\000\040\000D\000o\000c\000u\000m\000e\000n\000t\000a\000t\000i\000o\000n}{section.9.21}% 328
\BOOKMARK [3][-]{subsubsection.9.21.1.1}{\376\377\0009\000.\0002\0001\000.\0001\000.\0001\000\040\000i\0002\000c\000R\000e\000a\000d\000B\000y\000t\000e\000\050\000\051}{subsection.9.21.1}% 329
\BOOKMARK [3][-]{subsubsection.9.21.1.2}{\376\377\0009\000.\0002\0001\000.\0001\000.\0002\000\040\000i\0002\000c\000S\000e\000n\000d\000B\000y\000t\000e\000\050\000\051}{subsection.9.21.1}% 330
\BOOKMARK [1][-]{section.9.22}{\376\377\0009\000.\0002\0002\000\040\000d\000a\000r\000k\000l\000i\000b\000c\000/\000i\000n\000c\000l\000u\000d\000e\000/\000i\000o\000.\000h\000\040\000F\000i\000l\000e\000\040\000R\000e\000f\000e\000r\000e\000n\000c\000e}{chapter.9}% 331
\BOOKMARK [2][-]{subsection.9.22.1}{\376\377\0009\000.\0002\0002\000.\0001\000\040\000M\000a\000c\000r\000o\000\040\000D\000e\000f\000i\000n\000i\000t\000i\000o\000n\000\040\000D\000o\000c\000u\000m\000e\000n\000t\000a\000t\000i\000o\000n}{section.9.22}% 332
\BOOKMARK [3][-]{subsubsection.9.22.1.1}{\376\377\0009\000.\0002\0002\000.\0001\000.\0001\000\040\000I\000R\000Q\000\137\000T\000I\000M\000R}{subsection.9.22.1}% 333
\BOOKMARK [3][-]{subsubsection.9.22.1.2}{\376\377\0009\000.\0002\0002\000.\0001\000.\0002\000\040\000I\000R\000Q\000\137\000U\000A\000R\000T}{subsection.9.22.1}% 334
\BOOKMARK [2][-]{subsection.9.22.2}{\376\377\0009\000.\0002\0002\000.\0002\000\040\000F\000u\000n\000c\000t\000i\000o\000n\000\040\000D\000o\000c\000u\000m\000e\000n\000t\000a\000t\000i\000o\000n}{section.9.22}% 335
\BOOKMARK [3][-]{subsubsection.9.22.2.1}{\376\377\0009\000.\0002\0002\000.\0002\000.\0001\000\040\000\137\000\137\000a\000t\000t\000r\000i\000b\000u\000t\000e\000\137\000\137\000\050\000\051}{subsection.9.22.2}% 336
\BOOKMARK [3][-]{subsubsection.9.22.2.2}{\376\377\0009\000.\0002\0002\000.\0002\000.\0002\000\040\000b\000a\000n\000n\000e\000r\000\050\000\051}{subsection.9.22.2}% 337
\BOOKMARK [3][-]{subsubsection.9.22.2.3}{\376\377\0009\000.\0002\0002\000.\0002\000.\0003\000\040\000b\000o\000a\000r\000d\000\137\000n\000a\000m\000e\000\050\000\051}{subsection.9.22.2}% 338
\BOOKMARK [3][-]{subsubsection.9.22.2.4}{\376\377\0009\000.\0002\0002\000.\0002\000.\0004\000\040\000c\000h\000e\000c\000k\0004\000r\000v\0003\0002\000i\000\050\000\051}{subsection.9.22.2}% 339
\BOOKMARK [3][-]{subsubsection.9.22.2.5}{\376\377\0009\000.\0002\0002\000.\0002\000.\0005\000\040\000g\000e\000t\000\137\000m\000e\000p\000c\000\050\000\051}{subsection.9.22.2}% 340
\BOOKMARK [3][-]{subsubsection.9.22.2.6}{\376\377\0009\000.\0002\0002\000.\0002\000.\0006\000\040\000g\000e\000t\000\137\000m\000i\000e\000\050\000\051}{subsection.9.22.2}% 341
\BOOKMARK [3][-]{subsubsection.9.22.2.7}{\376\377\0009\000.\0002\0002\000.\0002\000.\0007\000\040\000g\000e\000t\000\137\000m\000t\000v\000e\000c\000\050\000\051}{subsection.9.22.2}% 342
\BOOKMARK [3][-]{subsubsection.9.22.2.8}{\376\377\0009\000.\0002\0002\000.\0002\000.\0008\000\040\000s\000e\000t\000\137\000m\000e\000p\000c\000\050\000\051}{subsection.9.22.2}% 343
\BOOKMARK [3][-]{subsubsection.9.22.2.9}{\376\377\0009\000.\0002\0002\000.\0002\000.\0009\000\040\000s\000e\000t\000\137\000m\000i\000e\000\050\000\051}{subsection.9.22.2}% 344
\BOOKMARK [3][-]{subsubsection.9.22.2.10}{\376\377\0009\000.\0002\0002\000.\0002\000.\0001\0000\000\040\000s\000e\000t\000\137\000m\000t\000v\000e\000c\000\050\000\051}{subsection.9.22.2}% 345
\BOOKMARK [2][-]{subsection.9.22.3}{\376\377\0009\000.\0002\0002\000.\0003\000\040\000V\000a\000r\000i\000a\000b\000l\000e\000\040\000D\000o\000c\000u\000m\000e\000n\000t\000a\000t\000i\000o\000n}{section.9.22}% 346
\BOOKMARK [3][-]{subsubsection.9.22.3.1}{\376\377\0009\000.\0002\0002\000.\0003\000.\0001\000\040\000\137\000d\000a\000t\000a}{subsection.9.22.3}% 347
\BOOKMARK [3][-]{subsubsection.9.22.3.2}{\376\377\0009\000.\0002\0002\000.\0003\000.\0002\000\040\000\137\000e\000d\000a\000t\000a}{subsection.9.22.3}% 348
\BOOKMARK [3][-]{subsubsection.9.22.3.3}{\376\377\0009\000.\0002\0002\000.\0003\000.\0003\000\040\000\137\000e\000t\000e\000x\000t}{subsection.9.22.3}% 349
\BOOKMARK [3][-]{subsubsection.9.22.3.4}{\376\377\0009\000.\0002\0002\000.\0003\000.\0004\000\040\000\137\000s\000t\000a\000c\000k}{subsection.9.22.3}% 350
\BOOKMARK [3][-]{subsubsection.9.22.3.5}{\376\377\0009\000.\0002\0002\000.\0003\000.\0005\000\040\000\137\000t\000e\000x\000t}{subsection.9.22.3}% 351
\BOOKMARK [3][-]{subsubsection.9.22.3.6}{\376\377\0009\000.\0002\0002\000.\0003\000.\0006\000\040\000i\000o}{subsection.9.22.3}% 352
\BOOKMARK [3][-]{subsubsection.9.22.3.7}{\376\377\0009\000.\0002\0002\000.\0003\000.\0007\000\040\000k\000m\000e\000m}{subsection.9.22.3}% 353
\BOOKMARK [3][-]{subsubsection.9.22.3.8}{\376\377\0009\000.\0002\0002\000.\0003\000.\0008\000\040\000u\000t\000i\000m\000e\000r\000s}{subsection.9.22.3}% 354
\BOOKMARK [1][-]{section.9.23}{\376\377\0009\000.\0002\0003\000\040\000d\000a\000r\000k\000l\000i\000b\000c\000/\000i\000n\000c\000l\000u\000d\000e\000/\000s\000p\000i\000.\000h\000\040\000F\000i\000l\000e\000\040\000R\000e\000f\000e\000r\000e\000n\000c\000e}{chapter.9}% 355
\BOOKMARK [2][-]{subsection.9.23.1}{\376\377\0009\000.\0002\0003\000.\0001\000\040\000F\000u\000n\000c\000t\000i\000o\000n\000\040\000D\000o\000c\000u\000m\000e\000n\000t\000a\000t\000i\000o\000n}{section.9.23}% 356
\BOOKMARK [3][-]{subsubsection.9.23.1.1}{\376\377\0009\000.\0002\0003\000.\0001\000.\0001\000\040\000s\000p\000i\000\137\000d\000i\000s\000a\000b\000l\000e\000\050\000\051}{subsection.9.23.1}% 357
\BOOKMARK [3][-]{subsubsection.9.23.1.2}{\376\377\0009\000.\0002\0003\000.\0001\000.\0002\000\040\000s\000p\000i\000\137\000e\000n\000a\000b\000l\000e\000\050\000\051}{subsection.9.23.1}% 358
\BOOKMARK [3][-]{subsubsection.9.23.1.3}{\376\377\0009\000.\0002\0003\000.\0001\000.\0003\000\040\000s\000p\000i\000\137\000i\000n\000i\000t\000\050\000\051}{subsection.9.23.1}% 359
\BOOKMARK [3][-]{subsubsection.9.23.1.4}{\376\377\0009\000.\0002\0003\000.\0001\000.\0004\000\040\000s\000p\000i\000\137\000r\000e\000a\000d\000\137\000m\000u\000l\000t\000i\000p\000l\000e\000\137\000b\000y\000t\000e\000s\000\050\000\051}{subsection.9.23.1}% 360
\BOOKMARK [3][-]{subsubsection.9.23.1.5}{\376\377\0009\000.\0002\0003\000.\0001\000.\0005\000\040\000s\000p\000i\000\137\000r\000e\000a\000d\000\137\000s\000i\000n\000g\000l\000e\000\137\000b\000y\000t\000e\000\050\000\051}{subsection.9.23.1}% 361
\BOOKMARK [3][-]{subsubsection.9.23.1.6}{\376\377\0009\000.\0002\0003\000.\0001\000.\0006\000\040\000s\000p\000i\000\137\000s\000e\000n\000d\000\137\000r\000e\000c\000e\000i\000v\000e\000\137\000d\000a\000t\000a\000\050\000\051}{subsection.9.23.1}% 362
\BOOKMARK [3][-]{subsubsection.9.23.1.7}{\376\377\0009\000.\0002\0003\000.\0001\000.\0007\000\040\000s\000p\000i\000\137\000s\000e\000t\000\137\000c\000l\000o\000c\000k\000\137\000f\000r\000e\000q\000u\000e\000n\000c\000y\000\050\000\051}{subsection.9.23.1}% 363
\BOOKMARK [3][-]{subsubsection.9.23.1.8}{\376\377\0009\000.\0002\0003\000.\0001\000.\0008\000\040\000s\000p\000i\000\137\000s\000e\000t\000\137\000d\000a\000t\000a\000\137\000m\000o\000d\000e\000\050\000\051}{subsection.9.23.1}% 364
\BOOKMARK [3][-]{subsubsection.9.23.1.9}{\376\377\0009\000.\0002\0003\000.\0001\000.\0009\000\040\000s\000p\000i\000\137\000t\000r\000a\000n\000s\000a\000c\000t\000i\000o\000n\000\137\000s\000i\000n\000g\000l\000e\000\137\000b\000y\000t\000e\000\050\000\051}{subsection.9.23.1}% 365
\BOOKMARK [3][-]{subsubsection.9.23.1.10}{\376\377\0009\000.\0002\0003\000.\0001\000.\0001\0000\000\040\000s\000p\000i\000\137\000w\000r\000i\000t\000e\000\137\000m\000u\000l\000t\000i\000p\000l\000e\000\137\000b\000y\000t\000e\000s\000\050\000\051}{subsection.9.23.1}% 366
\BOOKMARK [3][-]{subsubsection.9.23.1.11}{\376\377\0009\000.\0002\0003\000.\0001\000.\0001\0001\000\040\000s\000p\000i\000\137\000w\000r\000i\000t\000e\000\137\000r\000e\000a\000d\000\137\000m\000u\000l\000t\000i\000p\000l\000e\000\137\000b\000y\000t\000e\000s\000\050\000\051}{subsection.9.23.1}% 367
\BOOKMARK [3][-]{subsubsection.9.23.1.12}{\376\377\0009\000.\0002\0003\000.\0001\000.\0001\0002\000\040\000s\000p\000i\000\137\000w\000r\000i\000t\000e\000\137\000r\000e\000a\000d\000\137\000s\000i\000n\000g\000l\000e\000\137\000b\000y\000t\000e\000\050\000\051}{subsection.9.23.1}% 368
\BOOKMARK [3][-]{subsubsection.9.23.1.13}{\376\377\0009\000.\0002\0003\000.\0001\000.\0001\0003\000\040\000s\000p\000i\000\137\000w\000r\000i\000t\000e\000\137\000s\000i\000n\000g\000l\000e\000\137\000b\000y\000t\000e\000\050\000\051}{subsection.9.23.1}% 369
\BOOKMARK [1][-]{section.9.24}{\376\377\0009\000.\0002\0004\000\040\000d\000a\000r\000k\000l\000i\000b\000c\000/\000i\000n\000c\000l\000u\000d\000e\000/\000s\000t\000d\000i\000o\000.\000h\000\040\000F\000i\000l\000e\000\040\000R\000e\000f\000e\000r\000e\000n\000c\000e}{chapter.9}% 370
\BOOKMARK [2][-]{subsection.9.24.1}{\376\377\0009\000.\0002\0004\000.\0001\000\040\000M\000a\000c\000r\000o\000\040\000D\000e\000f\000i\000n\000i\000t\000i\000o\000n\000\040\000D\000o\000c\000u\000m\000e\000n\000t\000a\000t\000i\000o\000n}{section.9.24}% 371
\BOOKMARK [3][-]{subsubsection.9.24.1.1}{\376\377\0009\000.\0002\0004\000.\0001\000.\0001\000\040\000E\000B\000R\000E\000A\000K}{subsection.9.24.1}% 372
\BOOKMARK [3][-]{subsubsection.9.24.1.2}{\376\377\0009\000.\0002\0004\000.\0001\000.\0002\000\040\000E\000O\000F}{subsection.9.24.1}% 373
\BOOKMARK [3][-]{subsubsection.9.24.1.3}{\376\377\0009\000.\0002\0004\000.\0001\000.\0003\000\040\000N\000U\000L}{subsection.9.24.1}% 374
\BOOKMARK [3][-]{subsubsection.9.24.1.4}{\376\377\0009\000.\0002\0004\000.\0001\000.\0004\000\040\000N\000U\000L\000L}{subsection.9.24.1}% 375
\BOOKMARK [2][-]{subsection.9.24.2}{\376\377\0009\000.\0002\0004\000.\0002\000\040\000F\000u\000n\000c\000t\000i\000o\000n\000\040\000D\000o\000c\000u\000m\000e\000n\000t\000a\000t\000i\000o\000n}{section.9.24}% 376
\BOOKMARK [3][-]{subsubsection.9.24.2.1}{\376\377\0009\000.\0002\0004\000.\0002\000.\0001\000\040\000a\000t\000o\000i\000\050\000\051}{subsection.9.24.2}% 377
\BOOKMARK [3][-]{subsubsection.9.24.2.2}{\376\377\0009\000.\0002\0004\000.\0002\000.\0002\000\040\000g\000e\000t\000c\000h\000a\000r\000\050\000\051}{subsection.9.24.2}% 378
\BOOKMARK [3][-]{subsubsection.9.24.2.3}{\376\377\0009\000.\0002\0004\000.\0002\000.\0003\000\040\000g\000e\000t\000s\000\050\000\051}{subsection.9.24.2}% 379
\BOOKMARK [3][-]{subsubsection.9.24.2.4}{\376\377\0009\000.\0002\0004\000.\0002\000.\0004\000\040\000m\000a\000c\000\050\000\051}{subsection.9.24.2}% 380
\BOOKMARK [3][-]{subsubsection.9.24.2.5}{\376\377\0009\000.\0002\0004\000.\0002\000.\0005\000\040\000m\000e\000m\000c\000p\000y\000\050\000\051}{subsection.9.24.2}% 381
\BOOKMARK [3][-]{subsubsection.9.24.2.6}{\376\377\0009\000.\0002\0004\000.\0002\000.\0006\000\040\000m\000e\000m\000s\000e\000t\000\050\000\051}{subsection.9.24.2}% 382
\BOOKMARK [3][-]{subsubsection.9.24.2.7}{\376\377\0009\000.\0002\0004\000.\0002\000.\0007\000\040\000p\000r\000i\000n\000t\000f\000\050\000\051}{subsection.9.24.2}% 383
\BOOKMARK [3][-]{subsubsection.9.24.2.8}{\376\377\0009\000.\0002\0004\000.\0002\000.\0008\000\040\000p\000u\000t\000c\000h\000a\000r\000\050\000\051}{subsection.9.24.2}% 384
\BOOKMARK [3][-]{subsubsection.9.24.2.9}{\376\377\0009\000.\0002\0004\000.\0002\000.\0009\000\040\000p\000u\000t\000d\000\050\000\051}{subsection.9.24.2}% 385
\BOOKMARK [3][-]{subsubsection.9.24.2.10}{\376\377\0009\000.\0002\0004\000.\0002\000.\0001\0000\000\040\000p\000u\000t\000s\000\050\000\051}{subsection.9.24.2}% 386
\BOOKMARK [3][-]{subsubsection.9.24.2.11}{\376\377\0009\000.\0002\0004\000.\0002\000.\0001\0001\000\040\000p\000u\000t\000s\000t\000r\000\050\000\051}{subsection.9.24.2}% 387
\BOOKMARK [3][-]{subsubsection.9.24.2.12}{\376\377\0009\000.\0002\0004\000.\0002\000.\0001\0002\000\040\000p\000u\000t\000x\000\050\000\051}{subsection.9.24.2}% 388
\BOOKMARK [3][-]{subsubsection.9.24.2.13}{\376\377\0009\000.\0002\0004\000.\0002\000.\0001\0003\000\040\000s\000t\000r\000c\000m\000p\000\050\000\051}{subsection.9.24.2}% 389
\BOOKMARK [3][-]{subsubsection.9.24.2.14}{\376\377\0009\000.\0002\0004\000.\0002\000.\0001\0004\000\040\000s\000t\000r\000l\000e\000n\000\050\000\051}{subsection.9.24.2}% 390
\BOOKMARK [3][-]{subsubsection.9.24.2.15}{\376\377\0009\000.\0002\0004\000.\0002\000.\0001\0005\000\040\000s\000t\000r\000n\000c\000m\000p\000\050\000\051}{subsection.9.24.2}% 391
\BOOKMARK [3][-]{subsubsection.9.24.2.16}{\376\377\0009\000.\0002\0004\000.\0002\000.\0001\0006\000\040\000s\000t\000r\000t\000o\000k\000\050\000\051}{subsection.9.24.2}% 392
\BOOKMARK [3][-]{subsubsection.9.24.2.17}{\376\377\0009\000.\0002\0004\000.\0002\000.\0001\0007\000\040\000u\000s\000l\000e\000e\000p\000\050\000\051}{subsection.9.24.2}% 393
\BOOKMARK [3][-]{subsubsection.9.24.2.18}{\376\377\0009\000.\0002\0004\000.\0002\000.\0001\0008\000\040\000x\000t\000o\000i\000\050\000\051}{subsection.9.24.2}% 394
\BOOKMARK [1][-]{section.9.25}{\376\377\0009\000.\0002\0005\000\040\000d\000a\000r\000k\000l\000i\000b\000c\000/\000i\000o\000.\000c\000\040\000F\000i\000l\000e\000\040\000R\000e\000f\000e\000r\000e\000n\000c\000e}{chapter.9}% 395
\BOOKMARK [2][-]{subsection.9.25.1}{\376\377\0009\000.\0002\0005\000.\0001\000\040\000F\000u\000n\000c\000t\000i\000o\000n\000\040\000D\000o\000c\000u\000m\000e\000n\000t\000a\000t\000i\000o\000n}{section.9.25}% 396
\BOOKMARK [3][-]{subsubsection.9.25.1.1}{\376\377\0009\000.\0002\0005\000.\0001\000.\0001\000\040\000\137\000\137\000a\000t\000t\000r\000i\000b\000u\000t\000e\000\137\000\137\000\050\000\051}{subsection.9.25.1}% 397
\BOOKMARK [3][-]{subsubsection.9.25.1.2}{\376\377\0009\000.\0002\0005\000.\0001\000.\0002\000\040\000b\000o\000a\000r\000d\000\137\000n\000a\000m\000e\000\050\000\051}{subsection.9.25.1}% 398
\BOOKMARK [3][-]{subsubsection.9.25.1.3}{\376\377\0009\000.\0002\0005\000.\0001\000.\0003\000\040\000m\000a\000c\000\050\000\051}{subsection.9.25.1}% 399
\BOOKMARK [2][-]{subsection.9.25.2}{\376\377\0009\000.\0002\0005\000.\0002\000\040\000V\000a\000r\000i\000a\000b\000l\000e\000\040\000D\000o\000c\000u\000m\000e\000n\000t\000a\000t\000i\000o\000n}{section.9.25}% 400
\BOOKMARK [3][-]{subsubsection.9.25.2.1}{\376\377\0009\000.\0002\0005\000.\0002\000.\0001\000\040\000i\000o}{subsection.9.25.2}% 401
\BOOKMARK [3][-]{subsubsection.9.25.2.2}{\376\377\0009\000.\0002\0005\000.\0002\000.\0002\000\040\000k\000m\000e\000m}{subsection.9.25.2}% 402
\BOOKMARK [3][-]{subsubsection.9.25.2.3}{\376\377\0009\000.\0002\0005\000.\0002\000.\0003\000\040\000u\000t\000i\000m\000e\000r\000s}{subsection.9.25.2}% 403
\BOOKMARK [1][-]{section.9.26}{\376\377\0009\000.\0002\0006\000\040\000d\000a\000r\000k\000l\000i\000b\000c\000/\000s\000p\000i\000.\000c\000\040\000F\000i\000l\000e\000\040\000R\000e\000f\000e\000r\000e\000n\000c\000e}{chapter.9}% 404
\BOOKMARK [1][-]{section.9.27}{\376\377\0009\000.\0002\0007\000\040\000d\000a\000r\000k\000l\000i\000b\000c\000/\000s\000t\000d\000i\000o\000.\000c\000\040\000F\000i\000l\000e\000\040\000R\000e\000f\000e\000r\000e\000n\000c\000e}{chapter.9}% 405
\BOOKMARK [2][-]{subsection.9.27.1}{\376\377\0009\000.\0002\0007\000.\0001\000\040\000F\000u\000n\000c\000t\000i\000o\000n\000\040\000D\000o\000c\000u\000m\000e\000n\000t\000a\000t\000i\000o\000n}{section.9.27}% 406
\BOOKMARK [3][-]{subsubsection.9.27.1.1}{\376\377\0009\000.\0002\0007\000.\0001\000.\0001\000\040\000\137\000\137\000d\000i\000v\000\137\000m\000o\000d\000\137\000s\000i\0003\000\050\000\051}{subsection.9.27.1}% 407
\BOOKMARK [3][-]{subsubsection.9.27.1.2}{\376\377\0009\000.\0002\0007\000.\0001\000.\0002\000\040\000\137\000\137\000d\000i\000v\000s\000i\0003\000\050\000\051}{subsection.9.27.1}% 408
\BOOKMARK [3][-]{subsubsection.9.27.1.3}{\376\377\0009\000.\0002\0007\000.\0001\000.\0003\000\040\000\137\000\137\000m\000o\000d\000s\000i\0003\000\050\000\051}{subsection.9.27.1}% 409
\BOOKMARK [3][-]{subsubsection.9.27.1.4}{\376\377\0009\000.\0002\0007\000.\0001\000.\0004\000\040\000\137\000\137\000m\000u\000l\000s\000i\0003\000\050\000\051}{subsection.9.27.1}% 410
\BOOKMARK [3][-]{subsubsection.9.27.1.5}{\376\377\0009\000.\0002\0007\000.\0001\000.\0005\000\040\000\137\000\137\000u\000d\000i\000v\000\137\000u\000m\000o\000d\000\137\000s\000i\0003\000\050\000\051}{subsection.9.27.1}% 411
\BOOKMARK [3][-]{subsubsection.9.27.1.6}{\376\377\0009\000.\0002\0007\000.\0001\000.\0006\000\040\000\137\000\137\000u\000d\000i\000v\000s\000i\0003\000\050\000\051}{subsection.9.27.1}% 412
\BOOKMARK [3][-]{subsubsection.9.27.1.7}{\376\377\0009\000.\0002\0007\000.\0001\000.\0007\000\040\000\137\000\137\000u\000m\000o\000d\000s\000i\0003\000\050\000\051}{subsection.9.27.1}% 413
\BOOKMARK [3][-]{subsubsection.9.27.1.8}{\376\377\0009\000.\0002\0007\000.\0001\000.\0008\000\040\000\137\000\137\000u\000m\000u\000l\000s\000i\0003\000\050\000\051}{subsection.9.27.1}% 414
\BOOKMARK [3][-]{subsubsection.9.27.1.9}{\376\377\0009\000.\0002\0007\000.\0001\000.\0009\000\040\000a\000t\000o\000i\000\050\000\051}{subsection.9.27.1}% 415
\BOOKMARK [3][-]{subsubsection.9.27.1.10}{\376\377\0009\000.\0002\0007\000.\0001\000.\0001\0000\000\040\000g\000e\000t\000s\000\050\000\051}{subsection.9.27.1}% 416
\BOOKMARK [3][-]{subsubsection.9.27.1.11}{\376\377\0009\000.\0002\0007\000.\0001\000.\0001\0001\000\040\000m\000e\000m\000c\000p\000y\000\050\000\051}{subsection.9.27.1}% 417
\BOOKMARK [3][-]{subsubsection.9.27.1.12}{\376\377\0009\000.\0002\0007\000.\0001\000.\0001\0002\000\040\000m\000e\000m\000s\000e\000t\000\050\000\051}{subsection.9.27.1}% 418
\BOOKMARK [3][-]{subsubsection.9.27.1.13}{\376\377\0009\000.\0002\0007\000.\0001\000.\0001\0003\000\040\000p\000r\000i\000n\000t\000f\000\050\000\051}{subsection.9.27.1}% 419
\BOOKMARK [3][-]{subsubsection.9.27.1.14}{\376\377\0009\000.\0002\0007\000.\0001\000.\0001\0004\000\040\000p\000u\000t\000n\000u\000m\000\050\000\051}{subsection.9.27.1}% 420
\BOOKMARK [3][-]{subsubsection.9.27.1.15}{\376\377\0009\000.\0002\0007\000.\0001\000.\0001\0005\000\040\000p\000u\000t\000s\000\050\000\051}{subsection.9.27.1}% 421
\BOOKMARK [3][-]{subsubsection.9.27.1.16}{\376\377\0009\000.\0002\0007\000.\0001\000.\0001\0006\000\040\000p\000u\000t\000s\000t\000r\000\050\000\051}{subsection.9.27.1}% 422
\BOOKMARK [3][-]{subsubsection.9.27.1.17}{\376\377\0009\000.\0002\0007\000.\0001\000.\0001\0007\000\040\000s\000t\000r\000c\000m\000p\000\050\000\051}{subsection.9.27.1}% 423
\BOOKMARK [3][-]{subsubsection.9.27.1.18}{\376\377\0009\000.\0002\0007\000.\0001\000.\0001\0008\000\040\000s\000t\000r\000l\000e\000n\000\050\000\051}{subsection.9.27.1}% 424
\BOOKMARK [3][-]{subsubsection.9.27.1.19}{\376\377\0009\000.\0002\0007\000.\0001\000.\0001\0009\000\040\000s\000t\000r\000n\000c\000m\000p\000\050\000\051}{subsection.9.27.1}% 425
\BOOKMARK [3][-]{subsubsection.9.27.1.20}{\376\377\0009\000.\0002\0007\000.\0001\000.\0002\0000\000\040\000s\000t\000r\000t\000o\000k\000\050\000\051}{subsection.9.27.1}% 426
\BOOKMARK [3][-]{subsubsection.9.27.1.21}{\376\377\0009\000.\0002\0007\000.\0001\000.\0002\0001\000\040\000u\000s\000l\000e\000e\000p\000\050\000\051}{subsection.9.27.1}% 427
\BOOKMARK [3][-]{subsubsection.9.27.1.22}{\376\377\0009\000.\0002\0007\000.\0001\000.\0002\0002\000\040\000x\000t\000o\000i\000\050\000\051}{subsection.9.27.1}% 428
\BOOKMARK [1][-]{section.9.28}{\376\377\0009\000.\0002\0008\000\040\000p\000r\000o\000g\000r\000a\000m\000B\000o\000a\000r\000d\000.\000p\000y\000\040\000F\000i\000l\000e\000\040\000R\000e\000f\000e\000r\000e\000n\000c\000e}{chapter.9}% 429
\BOOKMARK [0][-]{section*.92}{\376\377\000I\000n\000d\000e\000x}{}% 430
